#
# A fatal error has been detected by the Java Runtime Environment:
#
#  EXCEPTION_ACCESS_VIOLATION (0xc0000005) at pc=0x00007ffb6cce9ab3, pid=8428, tid=10028
#
# JRE version: OpenJDK Runtime Environment (11.0.13) (build 11.0.13+0-b1751.21-8125866)
# Java VM: OpenJDK 64-Bit Server VM (11.0.13+0-b1751.21-8125866, mixed mode, tiered, compressed oops, g1 gc, windows-amd64)
# Problematic frame:
# V  [jvm.dll+0x209ab3]
#
# No core dump will be written. Minidumps are not enabled by default on client versions of Windows
#
# If you would like to submit a bug report, please visit:
#   https://bugreport.java.com/bugreport/crash.jsp
#

---------------  S U M M A R Y ------------

Command Line: --add-opens=java.base/java.util=ALL-UNNAMED --add-opens=java.base/java.lang=ALL-UNNAMED --add-opens=java.base/java.lang.invoke=ALL-UNNAMED --add-opens=java.base/java.util=ALL-UNNAMED --add-opens=java.prefs/java.util.prefs=ALL-UNNAMED --add-opens=java.prefs/java.util.prefs=ALL-UNNAMED --add-opens=java.base/java.nio.charset=ALL-UNNAMED --add-opens=java.base/java.net=ALL-UNNAMED --add-opens=java.base/java.util.concurrent.atomic=ALL-UNNAMED -Xmx1536m -Dfile.encoding=windows-1252 -Duser.country=GB -Duser.language=en -Duser.variant org.gradle.launcher.daemon.bootstrap.GradleDaemon 7.4

Host: Intel(R) Core(TM) i5-4300U CPU @ 1.90GHz, 4 cores, 7G,  Windows 11 , 64 bit Build 22621 (10.0.22621.457)
Time: Wed Dec  7 04:24:55 2022 W. Central Africa Standard Time elapsed time: 5.409097 seconds (0d 0h 0m 5s)

---------------  T H R E A D  ---------------

Current thread (0x0000019260514000):  JavaThread "C2 CompilerThread0" daemon [_thread_in_native, id=10028, stack(0x00000053f2000000,0x00000053f2100000)]


Current CompileTask:
C2:   5409 2015       4       java.net.URLClassLoader$1::run (5 bytes)

Stack: [0x00000053f2000000,0x00000053f2100000],  sp=0x00000053f20fd5a0,  free space=1013k
Native frames: (J=compiled Java code, j=interpreted, Vv=VM code, C=native code)
V  [jvm.dll+0x209ab3]
V  [jvm.dll+0x63a9d4]
V  [jvm.dll+0x2022f7]
V  [jvm.dll+0x188e01]
V  [jvm.dll+0x21106b]
V  [jvm.dll+0x20f8c1]
V  [jvm.dll+0x70de0f]
V  [jvm.dll+0x706a75]
V  [jvm.dll+0x60ed66]
C  [ucrtbase.dll+0x29363]
C  [KERNEL32.DLL+0x1244d]
C  [ntdll.dll+0x5df78]


siginfo: EXCEPTION_ACCESS_VIOLATION (0xc0000005), reading address 0x0000000000000004


Register to memory mapping:

RIP=0x00007ffb6cce9ab3 jvm.dll
RAX=0x00007ffb6d508a10 jvm.dll
RBX=0x00000053f20fd810 is pointing into the stack for thread: 0x0000019260514000
RCX=0x000000002e4007eb is an unknown value
RDX=0x0000019265bff050 points into unknown readable memory: 0x33f0c4f62e4007eb | eb 07 40 2e f6 c4 f0 33
RSP=0x00000053f20fd5a0 is pointing into the stack for thread: 0x0000019260514000
RBP=0x0000000000007ff4 is an unknown value
RSI=0x00000000000008ca is an unknown value
RDI=0x0000000000000004 is an unknown value
R8 =0x0000000000000001 is an unknown value
R9 =0x0 is NULL
R10=0x0000019261f0a440 points into unknown readable memory: 0x33e0c0e42e4007eb | eb 07 40 2e e4 c0 e0 33
R11=0x0000019265c00050 points into unknown readable memory: 0x0000000000000000 | 00 00 00 00 00 00 00 00
R12=0x000000000000056a is an unknown value
R13=0x0000000000000008 is an unknown value
R14=0x0000000000000038 is an unknown value
R15=0x0000019264594948 points into unknown readable memory: 0x00007ffb6d508a10 | 10 8a 50 6d fb 7f 00 00


Registers:
RAX=0x00007ffb6d508a10, RBX=0x00000053f20fd810, RCX=0x000000002e4007eb, RDX=0x0000019265bff050
RSP=0x00000053f20fd5a0, RBP=0x0000000000007ff4, RSI=0x00000000000008ca, RDI=0x0000000000000004
R8 =0x0000000000000001, R9 =0x0000000000000000, R10=0x0000019261f0a440, R11=0x0000019265c00050
R12=0x000000000000056a, R13=0x0000000000000008, R14=0x0000000000000038, R15=0x0000019264594948
RIP=0x00007ffb6cce9ab3, EFLAGS=0x0000000000010246

Top of Stack: (sp=0x00000053f20fd5a0)
0x00000053f20fd5a0:   00000053f20fd810 0000000000000569
0x00000053f20fd5b0:   00000053f20fe2c0 0000019261d44580
0x00000053f20fd5c0:   00007ffb6d2f20f8 00000192604b87d0
0x00000053f20fd5d0:   00000053f20fd860 00007ffb6d11a9d4
0x00000053f20fd5e0:   00000053f20fd6e0 00000053f20fd800
0x00000053f20fd5f0:   00000053f20fe2c0 00000192604b87d0
0x00000053f20fd600:   00000192648743e8 00007ffb6cce22f7
0x00000053f20fd610:   000001926486c400 00000053f20fd710
0x00000053f20fd620:   000001926486c4d0 00000192604b87d0
0x00000053f20fd630:   0000019200000000 00000053f20feb90
0x00000053f20fd640:   0000019200000008 00000192621a13c0
0x00000053f20fd650:   00000053f20fed40 00000053f20fed58
0x00000053f20fd660:   0000019260e932f0 0000000007540000
0x00000053f20fd670:   0000000000270000 0000000000000002
0x00000053f20fd680:   0000000000270000 0000000000000000
0x00000053f20fd690:   0000019245ca55d0 00007ffb6d098000 

Instructions: (pc=0x00007ffb6cce9ab3)
0x00007ffb6cce99b3:   8b d5 48 8b ce e8 23 53 3e 00 48 8b 46 10 48 89
0x00007ffb6cce99c3:   1c e8 41 8b c6 48 f7 d8 4d 8d 3c c7 4c 3b 7c 24
0x00007ffb6cce99d3:   58 0f 83 a6 fe ff ff 4c 8b 74 24 20 48 8b 74 24
0x00007ffb6cce99e3:   68 48 8b 6c 24 60 48 8b 5c 24 50 48 83 c4 28 41
0x00007ffb6cce99f3:   5f 41 5d 41 5c 5f c3 cc cc cc cc cc cc 48 89 5c
0x00007ffb6cce9a03:   24 20 56 57 41 54 48 83 ec 20 8b b9 d0 01 00 00
0x00007ffb6cce9a13:   48 8b da 2b b9 f8 01 00 00 48 8b f1 3b 7a 08 72
0x00007ffb6cce9a23:   0a 8b d7 48 8b cb e8 b2 52 3e 00 48 8b 43 10 48
0x00007ffb6cce9a33:   c7 04 f8 00 00 00 00 48 8b 96 60 02 00 00 48 85
0x00007ffb6cce9a43:   d2 74 08 48 8b cb e8 72 b4 ea ff 48 8b 96 68 02
0x00007ffb6cce9a53:   00 00 48 85 d2 74 08 48 8b cb e8 5e b4 ea ff 45
0x00007ffb6cce9a63:   33 e4 44 39 63 18 0f 86 d5 00 00 00 48 89 6c 24
0x00007ffb6cce9a73:   40 4c 89 74 24 48 4c 89 7c 24 50 66 90 48 8b 43
0x00007ffb6cce9a83:   10 4e 8b 3c e0 41 8b 47 1c 85 c0 0f 84 94 00 00
0x00007ffb6cce9a93:   00 45 33 f6 8b e8 0f 1f 80 00 00 00 00 49 8b 47
0x00007ffb6cce9aa3:   08 49 8b 3c 06 48 85 ff 74 6d 40 f6 c7 01 75 67
0x00007ffb6cce9ab3:   48 83 3f fe 74 61 8b 4f 28 8b c1 c1 e8 05 3b 43
0x00007ffb6cce9ac3:   30 72 0f 48 8b 43 20 8b d1 48 8d 4b 20 ff 50 18
0x00007ffb6cce9ad3:   eb 25 83 e1 1f 41 b8 01 00 00 00 41 d3 e0 8b c8
0x00007ffb6cce9ae3:   48 8b 43 38 48 8d 14 88 8b 0c 88 8b c1 41 0b c8
0x00007ffb6cce9af3:   89 0a 41 23 c0 75 20 8b 73 18 8d 46 01 89 43 18
0x00007ffb6cce9b03:   3b 73 08 72 0a 8b d6 48 8b cb e8 ce 51 3e 00 48
0x00007ffb6cce9b13:   8b 43 10 48 89 3c f0 49 83 c6 08 48 83 ed 01 0f
0x00007ffb6cce9b23:   85 78 ff ff ff 41 ff c4 44 3b 63 18 0f 82 4b ff
0x00007ffb6cce9b33:   ff ff 4c 8b 7c 24 50 4c 8b 74 24 48 48 8b 6c 24
0x00007ffb6cce9b43:   40 48 8b 5c 24 58 48 83 c4 20 41 5c 5f 5e c3 cc
0x00007ffb6cce9b53:   cc cc cc cc cc cc cc cc cc cc cc cc cc 40 53 48
0x00007ffb6cce9b63:   83 ec 20 48 8b 81 70 02 00 00 48 8b d9 48 85 c0
0x00007ffb6cce9b73:   75 27 e8 36 34 00 00 48 8b d0 48 8b 48 10 48 8b
0x00007ffb6cce9b83:   01 48 3b c2 74 06 83 78 38 02 74 06 48 83 c1 08
0x00007ffb6cce9b93:   eb ec 48 89 83 70 02 00 00 48 83 c4 20 5b c3 cc
0x00007ffb6cce9ba3:   cc cc cc cc cc cc cc cc cc cc cc cc cc 48 89 5c 


Stack slot to memory mapping:
stack at sp + 0 slots: 0x00000053f20fd810 is pointing into the stack for thread: 0x0000019260514000
stack at sp + 1 slots: 0x0000000000000569 is an unknown value
stack at sp + 2 slots: 0x00000053f20fe2c0 is pointing into the stack for thread: 0x0000019260514000
stack at sp + 3 slots: 0x0000019261d44580 points into unknown readable memory: 0x00007ffb6d2ee3d0 | d0 e3 2e 6d fb 7f 00 00
stack at sp + 4 slots: 0x00007ffb6d2f20f8 jvm.dll
stack at sp + 5 slots: 0x00000192604b87d0 points into unknown readable memory: 0x0000019200000006 | 06 00 00 00 92 01 00 00
stack at sp + 6 slots: 0x00000053f20fd860 is pointing into the stack for thread: 0x0000019260514000
stack at sp + 7 slots: 0x00007ffb6d11a9d4 jvm.dll


---------------  P R O C E S S  ---------------

Threads class SMR info:
_java_thread_list=0x0000019263345820, length=23, elements={
0x0000019245c98000, 0x00000192604fa000, 0x00000192604fc000, 0x0000019260e85800,
0x0000019260e87000, 0x0000019260e8a000, 0x0000019260514000, 0x000001926051b800,
0x0000019260521800, 0x0000019260fe9000, 0x00000192625a3800, 0x0000019261d5f000,
0x0000019262c5c800, 0x00000192631fd000, 0x00000192633bf800, 0x0000019263086800,
0x0000019262449000, 0x0000019261e2c000, 0x0000019262347800, 0x00000192637ae800,
0x000001926379b000, 0x0000019263799000, 0x000001926379a000
}

Java Threads: ( => current thread )
  0x0000019245c98000 JavaThread "main" [_thread_blocked, id=1184, stack(0x00000053f1400000,0x00000053f1500000)]
  0x00000192604fa000 JavaThread "Reference Handler" daemon [_thread_blocked, id=10848, stack(0x00000053f1b00000,0x00000053f1c00000)]
  0x00000192604fc000 JavaThread "Finalizer" daemon [_thread_blocked, id=8692, stack(0x00000053f1c00000,0x00000053f1d00000)]
  0x0000019260e85800 JavaThread "Signal Dispatcher" daemon [_thread_blocked, id=5016, stack(0x00000053f1d00000,0x00000053f1e00000)]
  0x0000019260e87000 JavaThread "Attach Listener" daemon [_thread_blocked, id=4216, stack(0x00000053f1e00000,0x00000053f1f00000)]
  0x0000019260e8a000 JavaThread "Service Thread" daemon [_thread_blocked, id=5184, stack(0x00000053f1f00000,0x00000053f2000000)]
=>0x0000019260514000 JavaThread "C2 CompilerThread0" daemon [_thread_in_native, id=10028, stack(0x00000053f2000000,0x00000053f2100000)]
  0x000001926051b800 JavaThread "C1 CompilerThread0" daemon [_thread_blocked, id=8160, stack(0x00000053f2100000,0x00000053f2200000)]
  0x0000019260521800 JavaThread "Sweeper thread" daemon [_thread_blocked, id=4588, stack(0x00000053f2200000,0x00000053f2300000)]
  0x0000019260fe9000 JavaThread "Common-Cleaner" daemon [_thread_blocked, id=4008, stack(0x00000053f2300000,0x00000053f2400000)]
  0x00000192625a3800 JavaThread "Daemon health stats" [_thread_blocked, id=3124, stack(0x00000053f2800000,0x00000053f2900000)]
  0x0000019261d5f000 JavaThread "Incoming local TCP Connector on port 49897" [_thread_in_native, id=10056, stack(0x00000053f2500000,0x00000053f2600000)]
  0x0000019262c5c800 JavaThread "Daemon periodic checks" [_thread_blocked, id=8440, stack(0x00000053f2900000,0x00000053f2a00000)]
  0x00000192631fd000 JavaThread "Daemon" [_thread_blocked, id=10576, stack(0x00000053f2a00000,0x00000053f2b00000)]
  0x00000192633bf800 JavaThread "Handler for socket connection from /127.0.0.1:49897 to /127.0.0.1:49898" [_thread_in_native, id=11112, stack(0x00000053f2b00000,0x00000053f2c00000)]
  0x0000019263086800 JavaThread "Cancel handler" [_thread_blocked, id=10012, stack(0x00000053f2c00000,0x00000053f2d00000)]
  0x0000019262449000 JavaThread "Daemon worker" [_thread_in_native, id=8896, stack(0x00000053f2d00000,0x00000053f2e00000)]
  0x0000019261e2c000 JavaThread "Asynchronous log dispatcher for DefaultDaemonConnection: socket connection from /127.0.0.1:49897 to /127.0.0.1:49898" [_thread_blocked, id=1836, stack(0x00000053f2f00000,0x00000053f3000000)]
  0x0000019262347800 JavaThread "Stdin handler" [_thread_blocked, id=10252, stack(0x00000053f3000000,0x00000053f3100000)]
  0x00000192637ae800 JavaThread "Daemon client event forwarder" [_thread_blocked, id=5680, stack(0x00000053f3100000,0x00000053f3200000)]
  0x000001926379b000 JavaThread "Cache worker for journal cache (C:\Users\orioh\AndroidStudioProjects\DogApp\caches\journal-1)" [_thread_blocked, id=7388, stack(0x00000053f3200000,0x00000053f3300000)]
  0x0000019263799000 JavaThread "File lock request listener" [_thread_in_native, id=7192, stack(0x00000053f3300000,0x00000053f3400000)]
  0x000001926379a000 JavaThread "Cache worker for file hash cache (C:\Users\orioh\AndroidStudioProjects\DogApp\caches\7.4\fileHashes)" [_thread_blocked, id=7660, stack(0x00000053f3400000,0x00000053f3500000)]

Other Threads:
  0x00000192604d4000 VMThread "VM Thread" [stack: 0x00000053f1a00000,0x00000053f1b00000] [id=6804]
  0x0000019261018800 WatcherThread [stack: 0x00000053f2400000,0x00000053f2500000] [id=10132]
  0x0000019245cb1000 GCTaskThread "GC Thread#0" [stack: 0x00000053f1500000,0x00000053f1600000] [id=6344]
  0x00000192613d5000 GCTaskThread "GC Thread#1" [stack: 0x00000053f2600000,0x00000053f2700000] [id=6048]
  0x00000192619b4800 GCTaskThread "GC Thread#2" [stack: 0x00000053f2700000,0x00000053f2800000] [id=11068]
  0x0000019262a0e800 GCTaskThread "GC Thread#3" [stack: 0x00000053f2e00000,0x00000053f2f00000] [id=5772]
  0x0000019245cda000 ConcurrentGCThread "G1 Main Marker" [stack: 0x00000053f1600000,0x00000053f1700000] [id=10592]
  0x0000019245cdb000 ConcurrentGCThread "G1 Conc#0" [stack: 0x00000053f1700000,0x00000053f1800000] [id=6832]
  0x0000019260350800 ConcurrentGCThread "G1 Refine#0" [stack: 0x00000053f1800000,0x00000053f1900000] [id=5884]
  0x0000019260351000 ConcurrentGCThread "G1 Young RemSet Sampling" [stack: 0x00000053f1900000,0x00000053f1a00000] [id=9016]

Threads with active compile tasks:
C2 CompilerThread0   5518 2015       4       java.net.URLClassLoader$1::run (5 bytes)

VM state:not at safepoint (normal execution)

VM Mutex/Monitor currently owned by a thread: None

Heap address: 0x00000000a0000000, size: 1536 MB, Compressed Oops mode: 32-bit
Narrow klass base: 0x0000000000000000, Narrow klass shift: 3
Compressed class space size: 1073741824 Address: 0x0000000100000000

Heap:
 garbage-first heap   total 157696K, used 44417K [0x00000000a0000000, 0x0000000100000000)
  region size 1024K, 29 young (29696K), 2 survivors (2048K)
 Metaspace       used 23071K, capacity 23541K, committed 23680K, reserved 1069056K
  class space    used 2924K, capacity 3121K, committed 3200K, reserved 1048576K
Heap Regions: E=young(eden), S=young(survivor), O=old, HS=humongous(starts), HC=humongous(continues), CS=collection set, F=free, A=archive, TAMS=top-at-mark-start (previous, next)
|   0|0x00000000a0000000, 0x00000000a0100000, 0x00000000a0100000|100%|HS|  |TAMS 0x00000000a0100000, 0x00000000a0000000| Complete 
|   1|0x00000000a0100000, 0x00000000a0200000, 0x00000000a0200000|100%|HC|  |TAMS 0x00000000a0200000, 0x00000000a0100000| Complete 
|   2|0x00000000a0200000, 0x00000000a0300000, 0x00000000a0300000|100%|HC|  |TAMS 0x00000000a0300000, 0x00000000a0200000| Complete 
|   3|0x00000000a0300000, 0x00000000a0400000, 0x00000000a0400000|100%| O|  |TAMS 0x00000000a0400000, 0x00000000a0300000| Untracked 
|   4|0x00000000a0400000, 0x00000000a0500000, 0x00000000a0500000|100%| O|  |TAMS 0x00000000a0500000, 0x00000000a0400000| Untracked 
|   5|0x00000000a0500000, 0x00000000a0600000, 0x00000000a0600000|100%| O|  |TAMS 0x00000000a0600000, 0x00000000a0500000| Untracked 
|   6|0x00000000a0600000, 0x00000000a0700000, 0x00000000a0700000|100%| O|  |TAMS 0x00000000a0700000, 0x00000000a0600000| Untracked 
|   7|0x00000000a0700000, 0x00000000a0800000, 0x00000000a0800000|100%| O|  |TAMS 0x00000000a0800000, 0x00000000a0700000| Untracked 
|   8|0x00000000a0800000, 0x00000000a0900000, 0x00000000a0900000|100%| O|  |TAMS 0x00000000a0900000, 0x00000000a0800000| Untracked 
|   9|0x00000000a0900000, 0x00000000a0a00000, 0x00000000a0a00000|100%| O|  |TAMS 0x00000000a0a00000, 0x00000000a0900000| Untracked 
|  10|0x00000000a0a00000, 0x00000000a0b00000, 0x00000000a0b00000|100%| O|  |TAMS 0x00000000a0b00000, 0x00000000a0a00000| Untracked 
|  11|0x00000000a0b00000, 0x00000000a0c00000, 0x00000000a0c00000|100%| O|  |TAMS 0x00000000a0c00000, 0x00000000a0b00000| Untracked 
|  12|0x00000000a0c00000, 0x00000000a0d00000, 0x00000000a0d00000|100%| O|  |TAMS 0x00000000a0d00000, 0x00000000a0c00000| Untracked 
|  13|0x00000000a0d00000, 0x00000000a0e00000, 0x00000000a0e00000|100%| O|  |TAMS 0x00000000a0e00000, 0x00000000a0d00000| Untracked 
|  14|0x00000000a0e00000, 0x00000000a0f00000, 0x00000000a0f00000|100%| O|  |TAMS 0x00000000a0f00000, 0x00000000a0e00000| Untracked 
|  15|0x00000000a0f00000, 0x00000000a0feb800, 0x00000000a1000000| 91%| O|  |TAMS 0x00000000a0feb800, 0x00000000a0f00000| Untracked 
|  16|0x00000000a1000000, 0x00000000a1000000, 0x00000000a1100000|  0%| F|  |TAMS 0x00000000a1000000, 0x00000000a1000000| Untracked 
|  17|0x00000000a1100000, 0x00000000a1100000, 0x00000000a1200000|  0%| F|  |TAMS 0x00000000a1100000, 0x00000000a1100000| Untracked 
|  18|0x00000000a1200000, 0x00000000a1200000, 0x00000000a1300000|  0%| F|  |TAMS 0x00000000a1200000, 0x00000000a1200000| Untracked 
|  19|0x00000000a1300000, 0x00000000a1300000, 0x00000000a1400000|  0%| F|  |TAMS 0x00000000a1300000, 0x00000000a1300000| Untracked 
|  20|0x00000000a1400000, 0x00000000a1400000, 0x00000000a1500000|  0%| F|  |TAMS 0x00000000a1400000, 0x00000000a1400000| Untracked 
|  21|0x00000000a1500000, 0x00000000a1500000, 0x00000000a1600000|  0%| F|  |TAMS 0x00000000a1500000, 0x00000000a1500000| Untracked 
|  22|0x00000000a1600000, 0x00000000a1600000, 0x00000000a1700000|  0%| F|  |TAMS 0x00000000a1600000, 0x00000000a1600000| Untracked 
|  23|0x00000000a1700000, 0x00000000a1700000, 0x00000000a1800000|  0%| F|  |TAMS 0x00000000a1700000, 0x00000000a1700000| Untracked 
|  24|0x00000000a1800000, 0x00000000a1800000, 0x00000000a1900000|  0%| F|  |TAMS 0x00000000a1800000, 0x00000000a1800000| Untracked 
|  25|0x00000000a1900000, 0x00000000a1900000, 0x00000000a1a00000|  0%| F|  |TAMS 0x00000000a1900000, 0x00000000a1900000| Untracked 
|  26|0x00000000a1a00000, 0x00000000a1a00000, 0x00000000a1b00000|  0%| F|  |TAMS 0x00000000a1a00000, 0x00000000a1a00000| Untracked 
|  27|0x00000000a1b00000, 0x00000000a1b00000, 0x00000000a1c00000|  0%| F|  |TAMS 0x00000000a1b00000, 0x00000000a1b00000| Untracked 
|  28|0x00000000a1c00000, 0x00000000a1c00000, 0x00000000a1d00000|  0%| F|  |TAMS 0x00000000a1c00000, 0x00000000a1c00000| Untracked 
|  29|0x00000000a1d00000, 0x00000000a1d00000, 0x00000000a1e00000|  0%| F|  |TAMS 0x00000000a1d00000, 0x00000000a1d00000| Untracked 
|  30|0x00000000a1e00000, 0x00000000a1e00000, 0x00000000a1f00000|  0%| F|  |TAMS 0x00000000a1e00000, 0x00000000a1e00000| Untracked 
|  31|0x00000000a1f00000, 0x00000000a1f00000, 0x00000000a2000000|  0%| F|  |TAMS 0x00000000a1f00000, 0x00000000a1f00000| Untracked 
|  32|0x00000000a2000000, 0x00000000a2000000, 0x00000000a2100000|  0%| F|  |TAMS 0x00000000a2000000, 0x00000000a2000000| Untracked 
|  33|0x00000000a2100000, 0x00000000a2100000, 0x00000000a2200000|  0%| F|  |TAMS 0x00000000a2100000, 0x00000000a2100000| Untracked 
|  34|0x00000000a2200000, 0x00000000a2200000, 0x00000000a2300000|  0%| F|  |TAMS 0x00000000a2200000, 0x00000000a2200000| Untracked 
|  35|0x00000000a2300000, 0x00000000a2300000, 0x00000000a2400000|  0%| F|  |TAMS 0x00000000a2300000, 0x00000000a2300000| Untracked 
|  36|0x00000000a2400000, 0x00000000a2400000, 0x00000000a2500000|  0%| F|  |TAMS 0x00000000a2400000, 0x00000000a2400000| Untracked 
|  37|0x00000000a2500000, 0x00000000a2500000, 0x00000000a2600000|  0%| F|  |TAMS 0x00000000a2500000, 0x00000000a2500000| Untracked 
|  38|0x00000000a2600000, 0x00000000a2600000, 0x00000000a2700000|  0%| F|  |TAMS 0x00000000a2600000, 0x00000000a2600000| Untracked 
|  39|0x00000000a2700000, 0x00000000a2700000, 0x00000000a2800000|  0%| F|  |TAMS 0x00000000a2700000, 0x00000000a2700000| Untracked 
|  40|0x00000000a2800000, 0x00000000a2800000, 0x00000000a2900000|  0%| F|  |TAMS 0x00000000a2800000, 0x00000000a2800000| Untracked 
|  41|0x00000000a2900000, 0x00000000a2900000, 0x00000000a2a00000|  0%| F|  |TAMS 0x00000000a2900000, 0x00000000a2900000| Untracked 
|  42|0x00000000a2a00000, 0x00000000a2a00000, 0x00000000a2b00000|  0%| F|  |TAMS 0x00000000a2a00000, 0x00000000a2a00000| Untracked 
|  43|0x00000000a2b00000, 0x00000000a2b00000, 0x00000000a2c00000|  0%| F|  |TAMS 0x00000000a2b00000, 0x00000000a2b00000| Untracked 
|  44|0x00000000a2c00000, 0x00000000a2c00000, 0x00000000a2d00000|  0%| F|  |TAMS 0x00000000a2c00000, 0x00000000a2c00000| Untracked 
|  45|0x00000000a2d00000, 0x00000000a2d00000, 0x00000000a2e00000|  0%| F|  |TAMS 0x00000000a2d00000, 0x00000000a2d00000| Untracked 
|  46|0x00000000a2e00000, 0x00000000a2e00000, 0x00000000a2f00000|  0%| F|  |TAMS 0x00000000a2e00000, 0x00000000a2e00000| Untracked 
|  47|0x00000000a2f00000, 0x00000000a2f00000, 0x00000000a3000000|  0%| F|  |TAMS 0x00000000a2f00000, 0x00000000a2f00000| Untracked 
|  48|0x00000000a3000000, 0x00000000a3000000, 0x00000000a3100000|  0%| F|  |TAMS 0x00000000a3000000, 0x00000000a3000000| Untracked 
|  49|0x00000000a3100000, 0x00000000a3100000, 0x00000000a3200000|  0%| F|  |TAMS 0x00000000a3100000, 0x00000000a3100000| Untracked 
|  50|0x00000000a3200000, 0x00000000a3200000, 0x00000000a3300000|  0%| F|  |TAMS 0x00000000a3200000, 0x00000000a3200000| Untracked 
|  51|0x00000000a3300000, 0x00000000a3300000, 0x00000000a3400000|  0%| F|  |TAMS 0x00000000a3300000, 0x00000000a3300000| Untracked 
|  52|0x00000000a3400000, 0x00000000a3400000, 0x00000000a3500000|  0%| F|  |TAMS 0x00000000a3400000, 0x00000000a3400000| Untracked 
|  53|0x00000000a3500000, 0x00000000a3500000, 0x00000000a3600000|  0%| F|  |TAMS 0x00000000a3500000, 0x00000000a3500000| Untracked 
|  54|0x00000000a3600000, 0x00000000a3600000, 0x00000000a3700000|  0%| F|  |TAMS 0x00000000a3600000, 0x00000000a3600000| Untracked 
|  55|0x00000000a3700000, 0x00000000a3700000, 0x00000000a3800000|  0%| F|  |TAMS 0x00000000a3700000, 0x00000000a3700000| Untracked 
|  56|0x00000000a3800000, 0x00000000a3800000, 0x00000000a3900000|  0%| F|  |TAMS 0x00000000a3800000, 0x00000000a3800000| Untracked 
|  57|0x00000000a3900000, 0x00000000a3900000, 0x00000000a3a00000|  0%| F|  |TAMS 0x00000000a3900000, 0x00000000a3900000| Untracked 
|  58|0x00000000a3a00000, 0x00000000a3a00000, 0x00000000a3b00000|  0%| F|  |TAMS 0x00000000a3a00000, 0x00000000a3a00000| Untracked 
|  59|0x00000000a3b00000, 0x00000000a3b00000, 0x00000000a3c00000|  0%| F|  |TAMS 0x00000000a3b00000, 0x00000000a3b00000| Untracked 
|  60|0x00000000a3c00000, 0x00000000a3c00000, 0x00000000a3d00000|  0%| F|  |TAMS 0x00000000a3c00000, 0x00000000a3c00000| Untracked 
|  61|0x00000000a3d00000, 0x00000000a3d00000, 0x00000000a3e00000|  0%| F|  |TAMS 0x00000000a3d00000, 0x00000000a3d00000| Untracked 
|  62|0x00000000a3e00000, 0x00000000a3e00000, 0x00000000a3f00000|  0%| F|  |TAMS 0x00000000a3e00000, 0x00000000a3e00000| Untracked 
|  63|0x00000000a3f00000, 0x00000000a3f00000, 0x00000000a4000000|  0%| F|  |TAMS 0x00000000a3f00000, 0x00000000a3f00000| Untracked 
|  64|0x00000000a4000000, 0x00000000a4000000, 0x00000000a4100000|  0%| F|  |TAMS 0x00000000a4000000, 0x00000000a4000000| Untracked 
|  65|0x00000000a4100000, 0x00000000a4100000, 0x00000000a4200000|  0%| F|  |TAMS 0x00000000a4100000, 0x00000000a4100000| Untracked 
|  66|0x00000000a4200000, 0x00000000a4200000, 0x00000000a4300000|  0%| F|  |TAMS 0x00000000a4200000, 0x00000000a4200000| Untracked 
|  67|0x00000000a4300000, 0x00000000a4300000, 0x00000000a4400000|  0%| F|  |TAMS 0x00000000a4300000, 0x00000000a4300000| Untracked 
|  68|0x00000000a4400000, 0x00000000a4400000, 0x00000000a4500000|  0%| F|  |TAMS 0x00000000a4400000, 0x00000000a4400000| Untracked 
|  69|0x00000000a4500000, 0x00000000a4500000, 0x00000000a4600000|  0%| F|  |TAMS 0x00000000a4500000, 0x00000000a4500000| Untracked 
|  70|0x00000000a4600000, 0x00000000a4600000, 0x00000000a4700000|  0%| F|  |TAMS 0x00000000a4600000, 0x00000000a4600000| Untracked 
|  71|0x00000000a4700000, 0x00000000a4700000, 0x00000000a4800000|  0%| F|  |TAMS 0x00000000a4700000, 0x00000000a4700000| Untracked 
|  72|0x00000000a4800000, 0x00000000a4800000, 0x00000000a4900000|  0%| F|  |TAMS 0x00000000a4800000, 0x00000000a4800000| Untracked 
|  73|0x00000000a4900000, 0x00000000a4900000, 0x00000000a4a00000|  0%| F|  |TAMS 0x00000000a4900000, 0x00000000a4900000| Untracked 
|  74|0x00000000a4a00000, 0x00000000a4a00000, 0x00000000a4b00000|  0%| F|  |TAMS 0x00000000a4a00000, 0x00000000a4a00000| Untracked 
|  75|0x00000000a4b00000, 0x00000000a4b00000, 0x00000000a4c00000|  0%| F|  |TAMS 0x00000000a4b00000, 0x00000000a4b00000| Untracked 
|  76|0x00000000a4c00000, 0x00000000a4c00000, 0x00000000a4d00000|  0%| F|  |TAMS 0x00000000a4c00000, 0x00000000a4c00000| Untracked 
|  77|0x00000000a4d00000, 0x00000000a4d00000, 0x00000000a4e00000|  0%| F|  |TAMS 0x00000000a4d00000, 0x00000000a4d00000| Untracked 
|  78|0x00000000a4e00000, 0x00000000a4e00000, 0x00000000a4f00000|  0%| F|  |TAMS 0x00000000a4e00000, 0x00000000a4e00000| Untracked 
|  79|0x00000000a4f00000, 0x00000000a4f00000, 0x00000000a5000000|  0%| F|  |TAMS 0x00000000a4f00000, 0x00000000a4f00000| Untracked 
|  80|0x00000000a5000000, 0x00000000a5000000, 0x00000000a5100000|  0%| F|  |TAMS 0x00000000a5000000, 0x00000000a5000000| Untracked 
|  81|0x00000000a5100000, 0x00000000a5100000, 0x00000000a5200000|  0%| F|  |TAMS 0x00000000a5100000, 0x00000000a5100000| Untracked 
|  82|0x00000000a5200000, 0x00000000a5200000, 0x00000000a5300000|  0%| F|  |TAMS 0x00000000a5200000, 0x00000000a5200000| Untracked 
|  83|0x00000000a5300000, 0x00000000a5300000, 0x00000000a5400000|  0%| F|  |TAMS 0x00000000a5300000, 0x00000000a5300000| Untracked 
|  84|0x00000000a5400000, 0x00000000a5400000, 0x00000000a5500000|  0%| F|  |TAMS 0x00000000a5400000, 0x00000000a5400000| Untracked 
|  85|0x00000000a5500000, 0x00000000a5500000, 0x00000000a5600000|  0%| F|  |TAMS 0x00000000a5500000, 0x00000000a5500000| Untracked 
|  86|0x00000000a5600000, 0x00000000a5600000, 0x00000000a5700000|  0%| F|  |TAMS 0x00000000a5600000, 0x00000000a5600000| Untracked 
|  87|0x00000000a5700000, 0x00000000a5700000, 0x00000000a5800000|  0%| F|  |TAMS 0x00000000a5700000, 0x00000000a5700000| Untracked 
|  88|0x00000000a5800000, 0x00000000a5800000, 0x00000000a5900000|  0%| F|  |TAMS 0x00000000a5800000, 0x00000000a5800000| Untracked 
|  89|0x00000000a5900000, 0x00000000a5900000, 0x00000000a5a00000|  0%| F|  |TAMS 0x00000000a5900000, 0x00000000a5900000| Untracked 
|  90|0x00000000a5a00000, 0x00000000a5a00000, 0x00000000a5b00000|  0%| F|  |TAMS 0x00000000a5a00000, 0x00000000a5a00000| Untracked 
|  91|0x00000000a5b00000, 0x00000000a5b00000, 0x00000000a5c00000|  0%| F|  |TAMS 0x00000000a5b00000, 0x00000000a5b00000| Untracked 
|  92|0x00000000a5c00000, 0x00000000a5c74e00, 0x00000000a5d00000| 45%| S|CS|TAMS 0x00000000a5c00000, 0x00000000a5c00000| Complete 
|  93|0x00000000a5d00000, 0x00000000a5e00000, 0x00000000a5e00000|100%| S|CS|TAMS 0x00000000a5d00000, 0x00000000a5d00000| Complete 
|  94|0x00000000a5e00000, 0x00000000a5e00000, 0x00000000a5f00000|  0%| F|  |TAMS 0x00000000a5e00000, 0x00000000a5e00000| Untracked 
|  95|0x00000000a5f00000, 0x00000000a5f00000, 0x00000000a6000000|  0%| F|  |TAMS 0x00000000a5f00000, 0x00000000a5f00000| Untracked 
|  96|0x00000000a6000000, 0x00000000a6000000, 0x00000000a6100000|  0%| F|  |TAMS 0x00000000a6000000, 0x00000000a6000000| Untracked 
|  97|0x00000000a6100000, 0x00000000a6100000, 0x00000000a6200000|  0%| F|  |TAMS 0x00000000a6100000, 0x00000000a6100000| Untracked 
|  98|0x00000000a6200000, 0x00000000a6200000, 0x00000000a6300000|  0%| F|  |TAMS 0x00000000a6200000, 0x00000000a6200000| Untracked 
|  99|0x00000000a6300000, 0x00000000a6300000, 0x00000000a6400000|  0%| F|  |TAMS 0x00000000a6300000, 0x00000000a6300000| Untracked 
| 100|0x00000000a6400000, 0x00000000a6400000, 0x00000000a6500000|  0%| F|  |TAMS 0x00000000a6400000, 0x00000000a6400000| Untracked 
| 101|0x00000000a6500000, 0x00000000a6500000, 0x00000000a6600000|  0%| F|  |TAMS 0x00000000a6500000, 0x00000000a6500000| Untracked 
| 102|0x00000000a6600000, 0x00000000a6600000, 0x00000000a6700000|  0%| F|  |TAMS 0x00000000a6600000, 0x00000000a6600000| Untracked 
| 103|0x00000000a6700000, 0x00000000a6700000, 0x00000000a6800000|  0%| F|  |TAMS 0x00000000a6700000, 0x00000000a6700000| Untracked 
| 104|0x00000000a6800000, 0x00000000a6800000, 0x00000000a6900000|  0%| F|  |TAMS 0x00000000a6800000, 0x00000000a6800000| Untracked 
| 105|0x00000000a6900000, 0x00000000a6900000, 0x00000000a6a00000|  0%| F|  |TAMS 0x00000000a6900000, 0x00000000a6900000| Untracked 
| 106|0x00000000a6a00000, 0x00000000a6a00000, 0x00000000a6b00000|  0%| F|  |TAMS 0x00000000a6a00000, 0x00000000a6a00000| Untracked 
| 107|0x00000000a6b00000, 0x00000000a6b00000, 0x00000000a6c00000|  0%| F|  |TAMS 0x00000000a6b00000, 0x00000000a6b00000| Untracked 
| 108|0x00000000a6c00000, 0x00000000a6c00000, 0x00000000a6d00000|  0%| F|  |TAMS 0x00000000a6c00000, 0x00000000a6c00000| Untracked 
| 109|0x00000000a6d00000, 0x00000000a6d00000, 0x00000000a6e00000|  0%| F|  |TAMS 0x00000000a6d00000, 0x00000000a6d00000| Untracked 
| 110|0x00000000a6e00000, 0x00000000a6e00000, 0x00000000a6f00000|  0%| F|  |TAMS 0x00000000a6e00000, 0x00000000a6e00000| Untracked 
| 111|0x00000000a6f00000, 0x00000000a6f00000, 0x00000000a7000000|  0%| F|  |TAMS 0x00000000a6f00000, 0x00000000a6f00000| Untracked 
| 112|0x00000000a7000000, 0x00000000a7000000, 0x00000000a7100000|  0%| F|  |TAMS 0x00000000a7000000, 0x00000000a7000000| Untracked 
| 113|0x00000000a7100000, 0x00000000a7100000, 0x00000000a7200000|  0%| F|  |TAMS 0x00000000a7100000, 0x00000000a7100000| Untracked 
| 114|0x00000000a7200000, 0x00000000a7200000, 0x00000000a7300000|  0%| F|  |TAMS 0x00000000a7200000, 0x00000000a7200000| Untracked 
| 115|0x00000000a7300000, 0x00000000a7300000, 0x00000000a7400000|  0%| F|  |TAMS 0x00000000a7300000, 0x00000000a7300000| Untracked 
| 116|0x00000000a7400000, 0x00000000a7400000, 0x00000000a7500000|  0%| F|  |TAMS 0x00000000a7400000, 0x00000000a7400000| Untracked 
| 117|0x00000000a7500000, 0x00000000a7500000, 0x00000000a7600000|  0%| F|  |TAMS 0x00000000a7500000, 0x00000000a7500000| Untracked 
| 118|0x00000000a7600000, 0x00000000a7600000, 0x00000000a7700000|  0%| F|  |TAMS 0x00000000a7600000, 0x00000000a7600000| Untracked 
| 119|0x00000000a7700000, 0x00000000a7700000, 0x00000000a7800000|  0%| F|  |TAMS 0x00000000a7700000, 0x00000000a7700000| Untracked 
| 120|0x00000000a7800000, 0x00000000a7800000, 0x00000000a7900000|  0%| F|  |TAMS 0x00000000a7800000, 0x00000000a7800000| Untracked 
| 121|0x00000000a7900000, 0x00000000a7900000, 0x00000000a7a00000|  0%| F|  |TAMS 0x00000000a7900000, 0x00000000a7900000| Untracked 
| 122|0x00000000a7a00000, 0x00000000a7a00000, 0x00000000a7b00000|  0%| F|  |TAMS 0x00000000a7a00000, 0x00000000a7a00000| Untracked 
| 123|0x00000000a7b00000, 0x00000000a7b00000, 0x00000000a7c00000|  0%| F|  |TAMS 0x00000000a7b00000, 0x00000000a7b00000| Untracked 
| 124|0x00000000a7c00000, 0x00000000a7c00000, 0x00000000a7d00000|  0%| F|  |TAMS 0x00000000a7c00000, 0x00000000a7c00000| Untracked 
| 125|0x00000000a7d00000, 0x00000000a7d00000, 0x00000000a7e00000|  0%| F|  |TAMS 0x00000000a7d00000, 0x00000000a7d00000| Untracked 
| 126|0x00000000a7e00000, 0x00000000a7e00000, 0x00000000a7f00000|  0%| F|  |TAMS 0x00000000a7e00000, 0x00000000a7e00000| Untracked 
| 127|0x00000000a7f00000, 0x00000000a7f80800, 0x00000000a8000000| 50%| E|  |TAMS 0x00000000a7f00000, 0x00000000a7f00000| Complete 
| 128|0x00000000a8000000, 0x00000000a8100000, 0x00000000a8100000|100%| E|CS|TAMS 0x00000000a8000000, 0x00000000a8000000| Complete 
| 129|0x00000000a8100000, 0x00000000a8200000, 0x00000000a8200000|100%| E|CS|TAMS 0x00000000a8100000, 0x00000000a8100000| Complete 
| 130|0x00000000a8200000, 0x00000000a8300000, 0x00000000a8300000|100%| E|CS|TAMS 0x00000000a8200000, 0x00000000a8200000| Complete 
| 131|0x00000000a8300000, 0x00000000a8400000, 0x00000000a8400000|100%| E|CS|TAMS 0x00000000a8300000, 0x00000000a8300000| Complete 
| 132|0x00000000a8400000, 0x00000000a8500000, 0x00000000a8500000|100%| E|CS|TAMS 0x00000000a8400000, 0x00000000a8400000| Complete 
| 133|0x00000000a8500000, 0x00000000a8600000, 0x00000000a8600000|100%| E|CS|TAMS 0x00000000a8500000, 0x00000000a8500000| Complete 
| 134|0x00000000a8600000, 0x00000000a8700000, 0x00000000a8700000|100%| E|CS|TAMS 0x00000000a8600000, 0x00000000a8600000| Complete 
| 135|0x00000000a8700000, 0x00000000a8800000, 0x00000000a8800000|100%| E|CS|TAMS 0x00000000a8700000, 0x00000000a8700000| Complete 
| 136|0x00000000a8800000, 0x00000000a8900000, 0x00000000a8900000|100%| E|CS|TAMS 0x00000000a8800000, 0x00000000a8800000| Complete 
| 137|0x00000000a8900000, 0x00000000a8a00000, 0x00000000a8a00000|100%| E|CS|TAMS 0x00000000a8900000, 0x00000000a8900000| Complete 
| 138|0x00000000a8a00000, 0x00000000a8b00000, 0x00000000a8b00000|100%| E|CS|TAMS 0x00000000a8a00000, 0x00000000a8a00000| Complete 
| 139|0x00000000a8b00000, 0x00000000a8c00000, 0x00000000a8c00000|100%| E|CS|TAMS 0x00000000a8b00000, 0x00000000a8b00000| Complete 
| 140|0x00000000a8c00000, 0x00000000a8d00000, 0x00000000a8d00000|100%| E|CS|TAMS 0x00000000a8c00000, 0x00000000a8c00000| Complete 
| 141|0x00000000a8d00000, 0x00000000a8e00000, 0x00000000a8e00000|100%| E|CS|TAMS 0x00000000a8d00000, 0x00000000a8d00000| Complete 
| 142|0x00000000a8e00000, 0x00000000a8f00000, 0x00000000a8f00000|100%| E|CS|TAMS 0x00000000a8e00000, 0x00000000a8e00000| Complete 
| 143|0x00000000a8f00000, 0x00000000a9000000, 0x00000000a9000000|100%| E|CS|TAMS 0x00000000a8f00000, 0x00000000a8f00000| Complete 
| 144|0x00000000a9000000, 0x00000000a9100000, 0x00000000a9100000|100%| E|CS|TAMS 0x00000000a9000000, 0x00000000a9000000| Complete 
| 145|0x00000000a9100000, 0x00000000a9200000, 0x00000000a9200000|100%| E|CS|TAMS 0x00000000a9100000, 0x00000000a9100000| Complete 
| 146|0x00000000a9200000, 0x00000000a9300000, 0x00000000a9300000|100%| E|CS|TAMS 0x00000000a9200000, 0x00000000a9200000| Complete 
| 147|0x00000000a9300000, 0x00000000a9400000, 0x00000000a9400000|100%| E|CS|TAMS 0x00000000a9300000, 0x00000000a9300000| Complete 
| 148|0x00000000a9400000, 0x00000000a9500000, 0x00000000a9500000|100%| E|CS|TAMS 0x00000000a9400000, 0x00000000a9400000| Complete 
| 149|0x00000000a9500000, 0x00000000a9600000, 0x00000000a9600000|100%| E|CS|TAMS 0x00000000a9500000, 0x00000000a9500000| Complete 
| 150|0x00000000a9600000, 0x00000000a9700000, 0x00000000a9700000|100%| E|CS|TAMS 0x00000000a9600000, 0x00000000a9600000| Complete 
| 151|0x00000000a9700000, 0x00000000a9800000, 0x00000000a9800000|100%| E|CS|TAMS 0x00000000a9700000, 0x00000000a9700000| Complete 
| 152|0x00000000a9800000, 0x00000000a9900000, 0x00000000a9900000|100%| E|CS|TAMS 0x00000000a9800000, 0x00000000a9800000| Complete 
| 153|0x00000000a9900000, 0x00000000a9a00000, 0x00000000a9a00000|100%| E|CS|TAMS 0x00000000a9900000, 0x00000000a9900000| Complete 

Card table byte_map: [0x000001925a900000,0x000001925ac00000] _byte_map_base: 0x000001925a400000

Marking Bits (Prev, Next): (CMBitMap*) 0x0000019245cd1f80, (CMBitMap*) 0x0000019245cd1f48
 Prev Bits: [0x000001925c700000, 0x000001925df00000)
 Next Bits: [0x000001925af00000, 0x000001925c700000)

Polling page: 0x0000019245b40000

Metaspace:

Usage:
  Non-class:     19.94 MB capacity,    19.67 MB ( 99%) used,   232.13 KB (  1%) free+waste,    41.19 KB ( <1%) overhead. 
      Class:      3.05 MB capacity,     2.86 MB ( 94%) used,   176.01 KB (  6%) free+waste,    20.56 KB ( <1%) overhead. 
       Both:     22.99 MB capacity,    22.53 MB ( 98%) used,   408.13 KB (  2%) free+waste,    61.75 KB ( <1%) overhead. 

Virtual space:
  Non-class space:       20.00 MB reserved,      20.00 MB (100%) committed 
      Class space:        1.00 GB reserved,       3.13 MB ( <1%) committed 
             Both:        1.02 GB reserved,      23.13 MB (  2%) committed 

Chunk freelists:
   Non-Class:  0 bytes
       Class:  15.00 KB
        Both:  15.00 KB

MaxMetaspaceSize: 17179869184.00 GB
CompressedClassSpaceSize: 1.00 GB
Initial GC threshold: 20.80 MB
Current GC threshold: 35.20 MB
CDS: off

CodeHeap 'non-profiled nmethods': size=120064Kb used=1088Kb max_used=1088Kb free=118976Kb
 bounds [0x0000019252aa0000, 0x0000019252d10000, 0x0000019259fe0000]
CodeHeap 'profiled nmethods': size=120000Kb used=4319Kb max_used=4319Kb free=115680Kb
 bounds [0x000001924b570000, 0x000001924b9b0000, 0x0000019252aa0000]
CodeHeap 'non-nmethods': size=5696Kb used=1211Kb max_used=1262Kb free=4485Kb
 bounds [0x000001924afe0000, 0x000001924b250000, 0x000001924b570000]
 total_blobs=2512 nmethods=2028 adapters=396
 compilation: enabled
              stopped_count=0, restarted_count=0
 full_count=0

Compilation events (20 events):
Event: 5.153 Thread 0x000001926051b800 2008       3       org.gradle.internal.service.DefaultServiceMethodFactory::toServiceMethod (11 bytes)
Event: 5.153 Thread 0x000001926051b800 nmethod 2008 0x000001924b991c90 code [0x000001924b991e40, 0x000001924b992008]
Event: 5.153 Thread 0x000001926051b800 2013       3       org.gradle.internal.service.AbstractServiceMethod::<init> (42 bytes)
Event: 5.155 Thread 0x000001926051b800 nmethod 2013 0x000001924b992110 code [0x000001924b992480, 0x000001924b993fa8]
Event: 5.155 Thread 0x000001926051b800 2014       3       org.gradle.internal.service.DefaultServiceRegistry$FactoryMethodService::<init> (22 bytes)
Event: 5.156 Thread 0x000001926051b800 nmethod 2014 0x000001924b994790 code [0x000001924b9949e0, 0x000001924b995428]
Event: 5.156 Thread 0x000001926051b800 2009   !   3       org.gradle.internal.service.MethodHandleBasedServiceMethodFactory::toServiceMethod (51 bytes)
Event: 5.158 Thread 0x000001926051b800 nmethod 2009 0x000001924b995790 code [0x000001924b995b00, 0x000001924b997068]
Event: 5.158 Thread 0x000001926051b800 2010       3       java.lang.reflect.Method::getGenericParameterTypes (5 bytes)
Event: 5.158 Thread 0x0000019260514000 nmethod 2007 0x0000019252baef10 code [0x0000019252baf0e0, 0x0000019252baf398]
Event: 5.158 Thread 0x0000019260514000 2015       4       java.net.URLClassLoader$1::run (5 bytes)
Event: 5.159 Thread 0x000001926051b800 nmethod 2010 0x000001924b997790 code [0x000001924b997a60, 0x000001924b998ab8]
Event: 5.159 Thread 0x000001926051b800 2011       3       java.lang.reflect.Method::hasGenericInformation (13 bytes)
Event: 5.160 Thread 0x000001926051b800 nmethod 2011 0x000001924b998f90 code [0x000001924b999140, 0x000001924b9992b8]
Event: 5.160 Thread 0x000001926051b800 2012       3       java.lang.reflect.Method::getGenericReturnType (20 bytes)
Event: 5.161 Thread 0x000001926051b800 nmethod 2012 0x000001924b999390 code [0x000001924b999640, 0x000001924b99a6d8]
Event: 5.181 Thread 0x000001926051b800 2016       3       java.util.LinkedList$ListItr::<init> (47 bytes)
Event: 5.181 Thread 0x000001926051b800 nmethod 2016 0x000001924b99ac10 code [0x000001924b99ade0, 0x000001924b99b0c8]
Event: 5.286 Thread 0x000001926051b800 2019       3       sun.reflect.annotation.AnnotationType::getInstance (65 bytes)
Event: 5.287 Thread 0x000001926051b800 nmethod 2019 0x000001924b99b210 code [0x000001924b99b420, 0x000001924b99ba08]

GC Heap History (10 events):
Event: 0.605 GC heap before
{Heap before GC invocations=0 (full 0):
 garbage-first heap   total 131072K, used 16384K [0x00000000a0000000, 0x0000000100000000)
  region size 1024K, 14 young (14336K), 0 survivors (0K)
 Metaspace       used 6732K, capacity 6937K, committed 7168K, reserved 1056768K
  class space    used 573K, capacity 650K, committed 768K, reserved 1048576K
}
Event: 0.610 GC heap after
{Heap after GC invocations=1 (full 0):
 garbage-first heap   total 131072K, used 3733K [0x00000000a0000000, 0x0000000100000000)
  region size 1024K, 2 young (2048K), 2 survivors (2048K)
 Metaspace       used 6732K, capacity 6937K, committed 7168K, reserved 1056768K
  class space    used 573K, capacity 650K, committed 768K, reserved 1048576K
}
Event: 1.167 GC heap before
{Heap before GC invocations=1 (full 0):
 garbage-first heap   total 131072K, used 18069K [0x00000000a0000000, 0x0000000100000000)
  region size 1024K, 14 young (14336K), 2 survivors (2048K)
 Metaspace       used 10243K, capacity 10503K, committed 10624K, reserved 1058816K
  class space    used 1055K, capacity 1141K, committed 1152K, reserved 1048576K
}
Event: 1.173 GC heap after
{Heap after GC invocations=2 (full 0):
 garbage-first heap   total 131072K, used 9319K [0x00000000a0000000, 0x0000000100000000)
  region size 1024K, 2 young (2048K), 2 survivors (2048K)
 Metaspace       used 10243K, capacity 10503K, committed 10624K, reserved 1058816K
  class space    used 1055K, capacity 1141K, committed 1152K, reserved 1048576K
}
Event: 1.734 GC heap before
{Heap before GC invocations=2 (full 0):
 garbage-first heap   total 131072K, used 36967K [0x00000000a0000000, 0x0000000100000000)
  region size 1024K, 29 young (29696K), 2 survivors (2048K)
 Metaspace       used 11231K, capacity 11458K, committed 11520K, reserved 1058816K
  class space    used 1156K, capacity 1246K, committed 1280K, reserved 1048576K
}
Event: 1.740 GC heap after
{Heap after GC invocations=3 (full 0):
 garbage-first heap   total 131072K, used 10139K [0x00000000a0000000, 0x0000000100000000)
  region size 1024K, 3 young (3072K), 3 survivors (3072K)
 Metaspace       used 11231K, capacity 11458K, committed 11520K, reserved 1058816K
  class space    used 1156K, capacity 1246K, committed 1280K, reserved 1048576K
}
Event: 3.092 GC heap before
{Heap before GC invocations=3 (full 0):
 garbage-first heap   total 131072K, used 52123K [0x00000000a0000000, 0x0000000100000000)
  region size 1024K, 43 young (44032K), 3 survivors (3072K)
 Metaspace       used 17164K, capacity 17583K, committed 17792K, reserved 1064960K
  class space    used 1962K, capacity 2085K, committed 2176K, reserved 1048576K
}
Event: 3.105 GC heap after
{Heap after GC invocations=4 (full 0):
 garbage-first heap   total 131072K, used 15731K [0x00000000a0000000, 0x0000000100000000)
  region size 1024K, 6 young (6144K), 6 survivors (6144K)
 Metaspace       used 17164K, capacity 17583K, committed 17792K, reserved 1064960K
  class space    used 1962K, capacity 2085K, committed 2176K, reserved 1048576K
}
Event: 4.457 GC heap before
{Heap before GC invocations=4 (full 0):
 garbage-first heap   total 131072K, used 49523K [0x00000000a0000000, 0x0000000100000000)
  region size 1024K, 40 young (40960K), 6 survivors (6144K)
 Metaspace       used 20718K, capacity 21170K, committed 21296K, reserved 1069056K
  class space    used 2517K, capacity 2665K, committed 2688K, reserved 1048576K
}
Event: 4.470 GC heap after
{Heap after GC invocations=5 (full 0):
 garbage-first heap   total 157696K, used 17793K [0x00000000a0000000, 0x0000000100000000)
  region size 1024K, 2 young (2048K), 2 survivors (2048K)
 Metaspace       used 20718K, capacity 21170K, committed 21296K, reserved 1069056K
  class space    used 2517K, capacity 2665K, committed 2688K, reserved 1048576K
}

Deoptimization events (20 events):
Event: 4.501 Thread 0x0000019262449000 Uncommon trap: trap_request=0xffffffc6 fr.pc=0x0000019252b249a4 relative=0x0000000000000084
Event: 4.502 Thread 0x0000019262449000 Uncommon trap: reason=bimorphic_or_optimized_type_check action=maybe_recompile pc=0x0000019252b249a4 method=java.util.AbstractList$Itr.hasNext()Z @ 8 c2
Event: 4.502 Thread 0x0000019262449000 DEOPT PACKING pc=0x0000019252b249a4 sp=0x00000053f2dfab80
Event: 4.502 Thread 0x0000019262449000 DEOPT UNPACKING pc=0x000001924b02a1af sp=0x00000053f2dfab18 mode 2
Event: 4.502 Thread 0x0000019262449000 Uncommon trap: trap_request=0xffffffc6 fr.pc=0x0000019252b25054 relative=0x0000000000000114
Event: 4.502 Thread 0x0000019262449000 Uncommon trap: reason=bimorphic_or_optimized_type_check action=maybe_recompile pc=0x0000019252b25054 method=java.util.AbstractList$Itr.next()Ljava/lang/Object; @ 14 c2
Event: 4.502 Thread 0x0000019262449000 DEOPT PACKING pc=0x0000019252b25054 sp=0x00000053f2dfab70
Event: 4.502 Thread 0x0000019262449000 DEOPT UNPACKING pc=0x000001924b02a1af sp=0x00000053f2dfab08 mode 2
Event: 4.502 Thread 0x0000019262449000 Uncommon trap: trap_request=0xffffff4d fr.pc=0x0000019252b1a204 relative=0x00000000000005c4
Event: 4.502 Thread 0x0000019262449000 Uncommon trap: reason=unstable_if action=reinterpret pc=0x0000019252b1a204 method=java.io.File.getName()Ljava/lang/String; @ 16 c2
Event: 4.502 Thread 0x0000019262449000 DEOPT PACKING pc=0x0000019252b1a204 sp=0x00000053f2dfb550
Event: 4.502 Thread 0x0000019262449000 DEOPT UNPACKING pc=0x000001924b02a1af sp=0x00000053f2dfb520 mode 2
Event: 4.502 Thread 0x0000019262449000 Uncommon trap: trap_request=0xffffff4d fr.pc=0x0000019252b19834 relative=0x0000000000000474
Event: 4.502 Thread 0x0000019262449000 Uncommon trap: reason=unstable_if action=reinterpret pc=0x0000019252b19834 method=java.lang.String.substring(I)Ljava/lang/String; @ 34 c2
Event: 4.502 Thread 0x0000019262449000 DEOPT PACKING pc=0x0000019252b19834 sp=0x00000053f2dfb4d0
Event: 4.502 Thread 0x0000019262449000 DEOPT UNPACKING pc=0x000001924b02a1af sp=0x00000053f2dfb4a8 mode 2
Event: 4.752 Thread 0x0000019262449000 Uncommon trap: trap_request=0xffffff4d fr.pc=0x0000019252b9d6b0 relative=0x00000000000003b0
Event: 4.752 Thread 0x0000019262449000 Uncommon trap: reason=unstable_if action=reinterpret pc=0x0000019252b9d6b0 method=jdk.internal.org.objectweb.asm.Type.getArgumentsAndReturnSizes(Ljava/lang/String;)I @ 88 c2
Event: 4.752 Thread 0x0000019262449000 DEOPT PACKING pc=0x0000019252b9d6b0 sp=0x00000053f2df9aa0
Event: 4.752 Thread 0x0000019262449000 DEOPT UNPACKING pc=0x000001924b02a1af sp=0x00000053f2df9a28 mode 2

Classes redefined (0 events):
No events

Internal exceptions (20 events):
Event: 1.816 Thread 0x0000019245c98000 Exception <a 'java/security/PrivilegedActionException'{0x00000000a7655050}> (0x00000000a7655050) thrown at [./src/hotspot/share/prims/jvm.cpp, line 1306]
Event: 2.145 Thread 0x0000019245c98000 Exception <a 'java/lang/NoSuchMethodError'{0x00000000a65f9288}: 'java.lang.Object java.lang.invoke.DirectMethodHandle$Holder.invokeStaticInit(java.lang.Object, java.lang.Object, java.lang.Object)'> (0x00000000a65f9288) thrown at [./src/hotspot/share/interpreter/linkResolver.cpp, line 773]
Event: 2.366 Thread 0x0000019245c98000 Exception <a 'java/lang/NoSuchMethodError'{0x00000000a5b767a8}: 'java.lang.Object java.lang.invoke.DirectMethodHandle$Holder.invokeStaticInit(java.lang.Object, int, int, int, int)'> (0x00000000a5b767a8) thrown at [./src/hotspot/share/interpreter/linkResolver.cpp, line 773]
Event: 2.580 Thread 0x0000019245c98000 Exception <a 'java/lang/NoSuchMethodError'{0x00000000a5bb4b10}: 'java.lang.Object java.lang.invoke.DirectMethodHandle$Holder.invokeStaticInit(java.lang.Object, java.lang.Object, int, int, int, int)'> (0x00000000a5bb4b10) thrown at [./src/hotspot/share/interpreter/linkResolver.cpp, line 773]
Event: 2.951 Thread 0x0000019245c98000 Exception <a 'java/io/IOException'{0x00000000a59ea3a8}> (0x00000000a59ea3a8) thrown at [./src/hotspot/share/prims/jni.cpp, line 616]
Event: 3.036 Thread 0x00000192633bf800 Exception <a 'java/lang/NoSuchMethodError'{0x00000000a56bd620}: <clinit>> (0x00000000a56bd620) thrown at [./src/hotspot/share/prims/jni.cpp, line 1366]
Event: 3.039 Thread 0x00000192633bf800 Exception <a 'java/lang/NoSuchMethodError'{0x00000000a56d5c18}: <clinit>> (0x00000000a56d5c18) thrown at [./src/hotspot/share/prims/jni.cpp, line 1366]
Event: 3.040 Thread 0x00000192633bf800 Exception <a 'java/lang/NoSuchMethodError'{0x00000000a56df5e0}: <clinit>> (0x00000000a56df5e0) thrown at [./src/hotspot/share/prims/jni.cpp, line 1366]
Event: 3.043 Thread 0x00000192633bf800 Exception <a 'java/lang/NoSuchMethodError'{0x00000000a56f4a48}: <clinit>> (0x00000000a56f4a48) thrown at [./src/hotspot/share/prims/jni.cpp, line 1366]
Event: 3.197 Thread 0x0000019262449000 Exception <a 'java/lang/NoSuchMethodError'{0x00000000a7d9e328}: 'long java.lang.invoke.DirectMethodHandle$Holder.invokeInterface(java.lang.Object, java.lang.Object)'> (0x00000000a7d9e328) thrown at [./src/hotspot/share/interpreter/linkResolver.cpp, line 773]
Event: 3.199 Thread 0x0000019262449000 Exception <a 'java/lang/NoSuchMethodError'{0x00000000a7dab3c8}: 'void java.lang.invoke.DelegatingMethodHandle$Holder.reinvoke_L(java.lang.Object, java.lang.Object, java.lang.Object, java.lang.Object, java.lang.Object, java.lang.Object, java.lang.Object)'> (0x00000000a7dab3c8) thrown at [./src/hotspot/share/interpreter/linkResolver.cpp, line 773]
Event: 4.333 Thread 0x0000019262449000 Exception <a 'java/lang/NoSuchMethodError'{0x00000000a6276250}: 'void java.lang.invoke.DirectMethodHandle$Holder.invokeStaticInit(java.lang.Object)'> (0x00000000a6276250) thrown at [./src/hotspot/share/interpreter/linkResolver.cpp, line 773]
Event: 4.361 Thread 0x0000019262449000 Exception <a 'java/lang/NoSuchMethodError'{0x00000000a6125068}: 'java.lang.Object java.lang.invoke.DirectMethodHandle$Holder.invokeStatic(java.lang.Object, java.lang.Object, java.lang.Object, int)'> (0x00000000a6125068) thrown at [./src/hotspot/share/interpreter/linkResolver.cpp, line 773]
Event: 4.361 Thread 0x0000019262449000 Exception <a 'java/lang/NoSuchMethodError'{0x00000000a6129780}: 'java.lang.Object java.lang.invoke.DirectMethodHandle$Holder.invokeSpecial(java.lang.Object, java.lang.Object, java.lang.Object, java.lang.Object, int)'> (0x00000000a6129780) thrown at [./src/hotspot/share/interpreter/linkResolver.cpp, line 773]
Event: 4.361 Thread 0x0000019262449000 Exception <a 'java/lang/NoSuchMethodError'{0x00000000a612d6b8}: 'java.lang.Object java.lang.invoke.Invokers$Holder.linkToTargetMethod(java.lang.Object, java.lang.Object, int, java.lang.Object)'> (0x00000000a612d6b8) thrown at [./src/hotspot/share/interpreter/linkResolver.cpp, line 773]
Event: 4.648 Thread 0x0000019262449000 Exception <a 'java/lang/NoSuchMethodError'{0x00000000a96c6ba8}: 'int java.lang.invoke.DirectMethodHandle$Holder.invokeSpecialIFC(java.lang.Object, java.lang.Object, java.lang.Object, java.lang.Object)'> (0x00000000a96c6ba8) thrown at [./src/hotspot/share/interpreter/linkResolver.cpp, line 773]
Event: 4.649 Thread 0x0000019262449000 Exception <a 'java/lang/NoSuchMethodError'{0x00000000a96d4b60}: 'java.lang.Object java.lang.invoke.DirectMethodHandle$Holder.invokeInterface(java.lang.Object, java.lang.Object, java.lang.Object)'> (0x00000000a96d4b60) thrown at [./src/hotspot/share/interpreter/linkResolver.cpp, line 773]
Event: 4.650 Thread 0x0000019262449000 Exception <a 'java/lang/IncompatibleClassChangeError'{0x00000000a96d8038}: Found class java.lang.Object, but interface was expected> (0x00000000a96d8038) thrown at [./src/hotspot/share/interpreter/linkResolver.cpp, line 839]
Event: 4.826 Thread 0x0000019262449000 Exception <a 'java/lang/NoSuchMethodError'{0x00000000a8e40270}: 'void java.lang.invoke.DirectMethodHandle$Holder.invokeSpecial(java.lang.Object, java.lang.Object, java.lang.Object, java.lang.Object, java.lang.Object)'> (0x00000000a8e40270) thrown at [./src/hotspot/share/interpreter/linkResolver.cpp, line 773]
Event: 4.932 Thread 0x0000019262449000 Exception <a 'java/lang/NoSuchMethodError'{0x00000000a8c6aff0}: 'java.lang.Object java.lang.invoke.DirectMethodHandle$Holder.invokeSpecial(java.lang.Object, java.lang.Object, java.lang.Object, java.lang.Object, java.lang.Object, java.lang.Object, java.lang.Object, java.lang.Object, java.lang.Object)'> (0x00000000a8c6aff0) thrown at [./src/hotspot/share/interpreter/linkResolver.cpp, line 773]

Events (20 events):
Event: 5.288 loading class org/gradle/jvm/toolchain/internal/OsXInstallationSupplier
Event: 5.288 loading class org/gradle/jvm/toolchain/internal/OsXInstallationSupplier done
Event: 5.288 loading class org/gradle/process/internal/ExecException
Event: 5.288 loading class org/gradle/process/internal/ExecException done
Event: 5.288 loading class org/gradle/jvm/toolchain/internal/SdkmanInstallationSupplier
Event: 5.288 loading class org/gradle/jvm/toolchain/internal/SdkmanInstallationSupplier done
Event: 5.289 loading class org/gradle/jvm/toolchain/internal/WindowsInstallationSupplier
Event: 5.289 loading class org/gradle/jvm/toolchain/internal/WindowsInstallationSupplier done
Event: 5.289 loading class org/gradle/api/internal/artifacts/ivyservice/projectmodule/DefaultProjectDependencyPublicationResolver
Event: 5.289 loading class org/gradle/api/internal/artifacts/ivyservice/projectmodule/DefaultProjectDependencyPublicationResolver done
Event: 5.290 loading class org/gradle/api/internal/artifacts/ivyservice/projectmodule/ProjectDependencyPublicationResolver
Event: 5.290 loading class org/gradle/api/internal/artifacts/ivyservice/projectmodule/ProjectDependencyPublicationResolver done
Event: 5.290 loading class org/gradle/api/publish/internal/validation/DuplicatePublicationTracker
Event: 5.290 loading class org/gradle/api/publish/internal/validation/DuplicatePublicationTracker done
Event: 5.293 loading class org/gradle/api/publish/maven/internal/MavenPublishServices$ComponentRegistrationAction
Event: 5.293 loading class org/gradle/api/publish/maven/internal/MavenPublishServices$ComponentRegistrationAction done
Event: 5.309 loading class org/gradle/api/publish/maven/internal/dependencies/VersionRangeMapper
Event: 5.309 loading class org/gradle/api/publish/maven/internal/dependencies/VersionRangeMapper done
Event: 5.311 loading class org/gradle/api/publish/maven/internal/publisher/MavenPublishers
Event: 5.311 loading class org/gradle/api/publish/maven/internal/publisher/MavenPublishers done


Dynamic libraries:
0x00007ff6817f0000 - 0x00007ff6817fa000 	C:\Program Files\Android\Android Studio\jre\bin\java.exe
0x00007ffbaf630000 - 0x00007ffbaf844000 	C:\WINDOWS\SYSTEM32\ntdll.dll
0x00007ffbadad0000 - 0x00007ffbadb92000 	C:\WINDOWS\System32\KERNEL32.DLL
0x00007ffbace90000 - 0x00007ffbad22c000 	C:\WINDOWS\System32\KERNELBASE.dll
0x00007ffbacd70000 - 0x00007ffbace81000 	C:\WINDOWS\System32\ucrtbase.dll
0x00007ffb9ec10000 - 0x00007ffb9ec29000 	C:\Program Files\Android\Android Studio\jre\bin\jli.dll
0x00007ffbad920000 - 0x00007ffbadacb000 	C:\WINDOWS\System32\USER32.dll
0x00007ffb98150000 - 0x00007ffb983de000 	C:\WINDOWS\WinSxS\amd64_microsoft.windows.common-controls_6595b64144ccf1df_6.0.22621.317_none_a9434687c10c9fa2\COMCTL32.dll
0x00007ffbacd40000 - 0x00007ffbacd66000 	C:\WINDOWS\System32\win32u.dll
0x00007ffbad720000 - 0x00007ffbad7c7000 	C:\WINDOWS\System32\msvcrt.dll
0x00007ffbadba0000 - 0x00007ffbadbc9000 	C:\WINDOWS\System32\GDI32.dll
0x00007ffbaca70000 - 0x00007ffbacb82000 	C:\WINDOWS\System32\gdi32full.dll
0x00007ffbad230000 - 0x00007ffbad2ca000 	C:\WINDOWS\System32\msvcp_win.dll
0x00007ffb9ebf0000 - 0x00007ffb9ec07000 	C:\Program Files\Android\Android Studio\jre\bin\VCRUNTIME140.dll
0x00007ffbad7d0000 - 0x00007ffbad801000 	C:\WINDOWS\System32\IMM32.DLL
0x00007ffb9eb50000 - 0x00007ffb9ebed000 	C:\Program Files\Android\Android Studio\jre\bin\msvcp140.dll
0x00007ffb6cae0000 - 0x00007ffb6d5e2000 	C:\Program Files\Android\Android Studio\jre\bin\server\jvm.dll
0x00007ffbaed00000 - 0x00007ffbaedae000 	C:\WINDOWS\System32\ADVAPI32.dll
0x00007ffbad860000 - 0x00007ffbad904000 	C:\WINDOWS\System32\sechost.dll
0x00007ffbae440000 - 0x00007ffbae555000 	C:\WINDOWS\System32\RPCRT4.dll
0x00007ffbad440000 - 0x00007ffbad448000 	C:\WINDOWS\System32\PSAPI.DLL
0x00007ffba7ee0000 - 0x00007ffba7ee9000 	C:\WINDOWS\SYSTEM32\WSOCK32.dll
0x00007ffba5490000 - 0x00007ffba54c4000 	C:\WINDOWS\SYSTEM32\WINMM.dll
0x00007ffbadbe0000 - 0x00007ffbadc51000 	C:\WINDOWS\System32\WS2_32.dll
0x00007ffba1720000 - 0x00007ffba172a000 	C:\WINDOWS\SYSTEM32\VERSION.dll
0x00007ffbabbe0000 - 0x00007ffbabbf8000 	C:\WINDOWS\SYSTEM32\kernel.appcore.dll
0x00007ffb9eed0000 - 0x00007ffb9eee1000 	C:\Program Files\Android\Android Studio\jre\bin\verify.dll
0x00007ffb9a790000 - 0x00007ffb9a9be000 	C:\WINDOWS\SYSTEM32\DBGHELP.DLL
0x00007ffbaf050000 - 0x00007ffbaf3d9000 	C:\WINDOWS\System32\combase.dll
0x00007ffbaedb0000 - 0x00007ffbaee87000 	C:\WINDOWS\System32\OLEAUT32.dll
0x00007ffb9a700000 - 0x00007ffb9a732000 	C:\WINDOWS\SYSTEM32\dbgcore.DLL
0x00007ffbaccc0000 - 0x00007ffbacd3b000 	C:\WINDOWS\System32\bcryptPrimitives.dll
0x00007ffb9eea0000 - 0x00007ffb9eec9000 	C:\Program Files\Android\Android Studio\jre\bin\java.dll
0x00007ffba7ec0000 - 0x00007ffba7ecb000 	C:\Program Files\Android\Android Studio\jre\bin\jimage.dll
0x00007ffb8fba0000 - 0x00007ffb8fbb8000 	C:\Program Files\Android\Android Studio\jre\bin\zip.dll
0x00007ffbadc60000 - 0x00007ffbae43b000 	C:\WINDOWS\System32\SHELL32.dll
0x00007ffbaaae0000 - 0x00007ffbab395000 	C:\WINDOWS\SYSTEM32\windows.storage.dll
0x00007ffbaa9a0000 - 0x00007ffbaaadd000 	C:\WINDOWS\SYSTEM32\wintypes.dll
0x00007ffbaeae0000 - 0x00007ffbaebd1000 	C:\WINDOWS\System32\SHCORE.dll
0x00007ffbaf3e0000 - 0x00007ffbaf43e000 	C:\WINDOWS\System32\shlwapi.dll
0x00007ffbac9a0000 - 0x00007ffbac9c1000 	C:\WINDOWS\SYSTEM32\profapi.dll
0x00007ffb8fbf0000 - 0x00007ffb8fc0a000 	C:\Program Files\Android\Android Studio\jre\bin\net.dll
0x00007ffba5220000 - 0x00007ffba534f000 	C:\WINDOWS\SYSTEM32\WINHTTP.dll
0x00007ffbac040000 - 0x00007ffbac0a9000 	C:\WINDOWS\system32\mswsock.dll
0x00007ffb8fbd0000 - 0x00007ffb8fbe4000 	C:\Program Files\Android\Android Studio\jre\bin\nio.dll
0x00007ffb86690000 - 0x00007ffb866b7000 	C:\Users\orioh\AndroidStudioProjects\DogApp\native\e1d6ef7f7dcc3fd88c89a11ec53ec762bb8ba0a96d01ffa2cd45eb1d1d8dd5c5\windows-amd64\native-platform.dll
0x00007ffb95650000 - 0x00007ffb95794000 	C:\Users\orioh\AndroidStudioProjects\DogApp\native\0d407fdbe67a94daf76414ababcb853783967236a71b16ec16e742cd7a986fd3\windows-amd64\native-platform-file-events.dll
0x00007ffba7990000 - 0x00007ffba799a000 	C:\Program Files\Android\Android Studio\jre\bin\management.dll
0x00007ffba7520000 - 0x00007ffba752d000 	C:\Program Files\Android\Android Studio\jre\bin\management_ext.dll
0x00007ffbac280000 - 0x00007ffbac29b000 	C:\WINDOWS\SYSTEM32\CRYPTSP.dll
0x00007ffbabb50000 - 0x00007ffbabb85000 	C:\WINDOWS\system32\rsaenh.dll
0x00007ffbac130000 - 0x00007ffbac158000 	C:\WINDOWS\SYSTEM32\USERENV.dll
0x00007ffbac440000 - 0x00007ffbac468000 	C:\WINDOWS\SYSTEM32\bcrypt.dll
0x00007ffbac2a0000 - 0x00007ffbac2ac000 	C:\WINDOWS\SYSTEM32\CRYPTBASE.dll
0x00007ffbab5e0000 - 0x00007ffbab60d000 	C:\WINDOWS\SYSTEM32\IPHLPAPI.DLL
0x00007ffbadbd0000 - 0x00007ffbadbd9000 	C:\WINDOWS\System32\NSI.dll
0x00007ffba53f0000 - 0x00007ffba5409000 	C:\WINDOWS\SYSTEM32\dhcpcsvc6.DLL
0x00007ffba53d0000 - 0x00007ffba53ef000 	C:\WINDOWS\SYSTEM32\dhcpcsvc.DLL
0x00007ffbab610000 - 0x00007ffbab702000 	C:\WINDOWS\SYSTEM32\DNSAPI.dll

dbghelp: loaded successfully - version: 4.0.5 - missing functions: none
symbol engine: initialized successfully - sym options: 0x614 - pdb path: .;C:\Program Files\Android\Android Studio\jre\bin;C:\WINDOWS\SYSTEM32;C:\WINDOWS\WinSxS\amd64_microsoft.windows.common-controls_6595b64144ccf1df_6.0.22621.317_none_a9434687c10c9fa2;C:\Program Files\Android\Android Studio\jre\bin\server;C:\Users\orioh\AndroidStudioProjects\DogApp\native\e1d6ef7f7dcc3fd88c89a11ec53ec762bb8ba0a96d01ffa2cd45eb1d1d8dd5c5\windows-amd64;C:\Users\orioh\AndroidStudioProjects\DogApp\native\0d407fdbe67a94daf76414ababcb853783967236a71b16ec16e742cd7a986fd3\windows-amd64

VM Arguments:
jvm_args: --add-opens=java.base/java.util=ALL-UNNAMED --add-opens=java.base/java.lang=ALL-UNNAMED --add-opens=java.base/java.lang.invoke=ALL-UNNAMED --add-opens=java.base/java.util=ALL-UNNAMED --add-opens=java.prefs/java.util.prefs=ALL-UNNAMED --add-opens=java.prefs/java.util.prefs=ALL-UNNAMED --add-opens=java.base/java.nio.charset=ALL-UNNAMED --add-opens=java.base/java.net=ALL-UNNAMED --add-opens=java.base/java.util.concurrent.atomic=ALL-UNNAMED -Xmx1536m -Dfile.encoding=windows-1252 -Duser.country=GB -Duser.language=en -Duser.variant 
java_command: org.gradle.launcher.daemon.bootstrap.GradleDaemon 7.4
java_class_path (initial): C:\Users\orioh\AndroidStudioProjects\DogApp\wrapper\dists\gradle-7.4-bin\c0gwcg53nkjbqw7r0h0umtfvt\gradle-7.4\lib\gradle-launcher-7.4.jar
Launcher Type: SUN_STANDARD

[Global flags]
     intx CICompilerCount                          = 3                                         {product} {ergonomic}
     uint ConcGCThreads                            = 1                                         {product} {ergonomic}
     uint G1ConcRefinementThreads                  = 4                                         {product} {ergonomic}
   size_t G1HeapRegionSize                         = 1048576                                   {product} {ergonomic}
    uintx GCDrainStackTargetSize                   = 64                                        {product} {ergonomic}
   size_t InitialHeapSize                          = 134217728                                 {product} {ergonomic}
   size_t MarkStackSize                            = 4194304                                   {product} {ergonomic}
   size_t MaxHeapSize                              = 1610612736                                {product} {command line}
   size_t MaxNewSize                               = 965738496                                 {product} {ergonomic}
   size_t MinHeapDeltaBytes                        = 1048576                                   {product} {ergonomic}
    uintx NonNMethodCodeHeapSize                   = 5830732                                {pd product} {ergonomic}
    uintx NonProfiledCodeHeapSize                  = 122913754                              {pd product} {ergonomic}
    uintx ProfiledCodeHeapSize                     = 122913754                              {pd product} {ergonomic}
    uintx ReservedCodeCacheSize                    = 251658240                              {pd product} {ergonomic}
     bool SegmentedCodeCache                       = true                                      {product} {ergonomic}
     bool UseCompressedClassPointers               = true                                 {lp64_product} {ergonomic}
     bool UseCompressedOops                        = true                                 {lp64_product} {ergonomic}
     bool UseG1GC                                  = true                                      {product} {ergonomic}
     bool UseLargePagesIndividualAllocation        = false                                  {pd product} {ergonomic}

Logging:
Log output configuration:
 #0: stdout all=warning uptime,level,tags
 #1: stderr all=off uptime,level,tags

Environment Variables:
PATH=C:\ProgramData\Oracle\Java\javapath;C:\Program Files\Common Files\Oracle\Java\javapath;C:\WINDOWS\system32;C:\WINDOWS;C:\WINDOWS\System32\Wbem;C:\WINDOWS\System32\WindowsPowerShell\v1.0\;C:\WINDOWS\System32\OpenSSH\;C:\Program Files\Microsoft VS Code\bin;C:\Program Files\Git\cmd;C:\Program Files\nodejs\;c:\Program Files (x86)\Microsoft SQL Server\100\Tools\Binn\;c:\Program Files\Microsoft SQL Server\100\Tools\Binn\;c:\Program Files\Microsoft SQL Server\100\DTS\Binn\;C:\Program Files\dotnet\;C:\Program Files\swipl\bin;C:\Program Files (x86)\MATLAB\R2007b\bin;C:\Program Files (x86)\MATLAB\R2007b\bin\win32;C:\Program Files\MySQL\MySQL Shell 8.0\bin\;C:\Users\orioh\AppData\Local\Programs\Python\Python310\Scripts\;C:\Users\orioh\AppData\Local\Programs\Python\Python310\;C:\Users\orioh\AppData\Local\Microsoft\WindowsApps;C:\Users\orioh\AppData\Roaming\npm;C:\Users\orioh\.dotnet\tools;C:\Flutter\flutter_windows_3.3.5-stable\flutter\bin;
USERNAME=Oriohac
OS=Windows_NT
PROCESSOR_IDENTIFIER=Intel64 Family 6 Model 69 Stepping 1, GenuineIntel



---------------  S Y S T E M  ---------------

OS: Windows 11 , 64 bit Build 22621 (10.0.22621.457)
OS uptime: 0 days 22:20 hours

CPU:total 4 (initial active 4) (2 cores per cpu, 2 threads per core) family 6 model 69 stepping 1 microcode 0x26, cmov, cx8, fxsr, mmx, sse, sse2, sse3, ssse3, sse4.1, sse4.2, popcnt, avx, avx2, aes, clmul, erms, lzcnt, ht, tsc, tscinvbit, bmi1, bmi2, fma

Memory: 4k page, system-wide physical 8089M (3201M free)
TotalPageFile size 11545M (AvailPageFile size 6561M)
current process WorkingSet (physical memory assigned to process): 441M, peak: 441M
current process commit charge ("private bytes"): 536M, peak: 549M

vm_info: OpenJDK 64-Bit Server VM (11.0.13+0-b1751.21-8125866) for windows-amd64 JRE (11.0.13+0-b1751.21-8125866), built on Feb  2 2022 03:00:22 by "builder" with MS VC++ 14.0 (VS2015)

END.
