#
# A fatal error has been detected by the Java Runtime Environment:
#
#  EXCEPTION_ACCESS_VIOLATION (0xc0000005) at pc=0x00007ff9ac3d1874, pid=10412, tid=9960
#
# JRE version: Java(TM) SE Runtime Environment (15.0.1+9) (build 15.0.1+9-18)
# Java VM: Java HotSpot(TM) 64-Bit Server VM (15.0.1+9-18, mixed mode, sharing, tiered, compressed oops, g1 gc, windows-amd64)
# Problematic frame:
# V  [jvm.dll+0x1f1874]
#
# No core dump will be written. Minidumps are not enabled by default on client versions of Windows
#
# If you would like to submit a bug report, please visit:
#   https://bugreport.java.com/bugreport/crash.jsp
#

---------------  S U M M A R Y ------------

Command Line: --add-opens=java.base/java.util=ALL-UNNAMED --add-opens=java.base/java.lang=ALL-UNNAMED --add-opens=java.base/java.lang.invoke=ALL-UNNAMED --add-opens=java.base/java.util=ALL-UNNAMED --add-opens=java.prefs/java.util.prefs=ALL-UNNAMED --add-opens=java.prefs/java.util.prefs=ALL-UNNAMED --add-opens=java.base/java.nio.charset=ALL-UNNAMED --add-opens=java.base/java.net=ALL-UNNAMED --add-opens=java.base/java.util.concurrent.atomic=ALL-UNNAMED -Xmx1536m -Dfile.encoding=windows-1252 -Duser.country=GB -Duser.language=en -Duser.variant org.gradle.launcher.daemon.bootstrap.GradleDaemon 7.5

Host: Intel(R) Core(TM) i5-4300U CPU @ 1.90GHz, 4 cores, 7G,  Windows 10 , 64 bit Build 19041 (10.0.19041.1889)
Time: Thu Jan 26 14:52:31 2023 W. Central Africa Standard Time elapsed time: 3164.755705 seconds (0d 0h 52m 44s)

---------------  T H R E A D  ---------------

Current thread (0x000001ecfbae0230):  JavaThread "C2 CompilerThread1" daemon [_thread_in_native, id=9960, stack(0x0000009857d00000,0x0000009857e00000)]


Current CompileTask:
C2:3164770 15553   !   4       org.gradle.internal.service.DefaultServiceRegistry$ManagedObjectServiceProvider::getInstance (47 bytes)

Stack: [0x0000009857d00000,0x0000009857e00000],  sp=0x0000009857dfe0e0,  free space=1016k
Native frames: (J=compiled Java code, j=interpreted, Vv=VM code, C=native code)
V  [jvm.dll+0x1f1874]
V  [jvm.dll+0x64f17a]
V  [jvm.dll+0x1e96a2]
V  [jvm.dll+0x1784c7]
V  [jvm.dll+0x1f9165]
V  [jvm.dll+0x1f720c]
V  [jvm.dll+0x74485d]
V  [jvm.dll+0x73d65a]
V  [jvm.dll+0x629c56]
C  [ucrtbase.dll+0x21bb2]
C  [KERNEL32.DLL+0x17034]
C  [ntdll.dll+0x526a1]


siginfo: EXCEPTION_ACCESS_VIOLATION (0xc0000005), reading address 0xffffffffffffffff


Register to memory mapping:

RIP=0x00007ff9ac3d1874 jvm.dll
RAX=0x616e696769724f66 is an unknown value
RBX=0x0000009857dfe370 is pointing into the stack for thread: 0x000001ecfbae0230
RCX=0x0000000000000384 is an unknown value
RDX=0x0000000000000605 is an unknown value
RSP=0x0000009857dfe0e0 is pointing into the stack for thread: 0x000001ecfbae0230
RBP=0x0000009857dfe360 is pointing into the stack for thread: 0x000001ecfbae0230
RSI=0x00000000000000fe is an unknown value
RDI=0x000001ec8fc1c420 points into unknown readable memory: 0x00007ff9aca2c820 | 20 c8 a2 ac f9 7f 00 00
R8 =0x0000000000000800 is an unknown value
R9 =0x0 is NULL
R10=0x000001ecfb315f80 points into unknown readable memory: 0x024004e08081074b | 4b 07 81 80 e0 04 40 02
R11=0x000001ec976de050 points into unknown readable memory: 0x0000000000000000 | 00 00 00 00 00 00 00 00
R12=0x0000000090011046 is an unknown value
R13=0x000001ecfe975420 points into unknown readable memory: 0x7562001009cb0001 | 01 00 cb 09 10 00 62 75
R14=0x0 is NULL
R15=0x000000000000000b is an unknown value


Registers:
RAX=0x616e696769724f66, RBX=0x0000009857dfe370, RCX=0x0000000000000384, RDX=0x0000000000000605
RSP=0x0000009857dfe0e0, RBP=0x0000009857dfe360, RSI=0x00000000000000fe, RDI=0x000001ec8fc1c420
R8 =0x0000000000000800, R9 =0x0000000000000000, R10=0x000001ecfb315f80, R11=0x000001ec976de050
R12=0x0000000090011046, R13=0x000001ecfe975420, R14=0x0000000000000000, R15=0x000000000000000b
RIP=0x00007ff9ac3d1874, EFLAGS=0x0000000000010246

Top of Stack: (sp=0x0000009857dfe0e0)
0x0000009857dfe0e0:   0000009857dfe370 0000009857dfe360
0x0000009857dfe0f0:   0000009857dfee00 0000000000004a33
0x0000009857dfe100:   0000009857dfe240 0000009857dfee00
0x0000009857dfe110:   0000000000000000 0000009857dfe3c0
0x0000009857dfe120:   000001ec92a77cb0 00007ff9ac82f17a
0x0000009857dfe130:   000001ec00000384 0000009857dfe360
0x0000009857dfe140:   0000009857dff518 000001ecf84c44e0
0x0000009857dfe150:   0000000000000002 0000009857dfee00
0x0000009857dfe160:   0000000000000003 00007ff9ac3c96a2
0x0000009857dfe170:   000001ecf8e1efd0 0000009857dfe270
0x0000009857dfe180:   0000000000000001 0000009857dff518
0x0000009857dfe190:   0000000000000000 0000000000000000
0x0000009857dfe1a0:   000001ec92a77cb0 000001ec9074c750
0x0000009857dfe1b0:   000001ec907519d0 000001ec90754738
0x0000009857dfe1c0:   0000000000028310 0000000000000000
0x0000009857dfe1d0:   0000000000000000 0000000000000000 

Instructions: (pc=0x00007ff9ac3d1874)
0x00007ff9ac3d1774:   ff 41 8b c6 48 f7 d8 4d 8d 3c c7 4c 89 bc 24 88
0x00007ff9ac3d1784:   00 00 00 4c 3b 7c 24 20 0f 83 11 fe ff ff 4c 8b
0x00007ff9ac3d1794:   74 24 30 4c 8b 64 24 38 48 8b 7c 24 40 48 8b ac
0x00007ff9ac3d17a4:   24 80 00 00 00 48 83 c4 48 41 5f 41 5d 5e 5b c3
0x00007ff9ac3d17b4:   cc cc cc cc cc cc cc cc cc cc cc cc 40 53 56 57
0x00007ff9ac3d17c4:   48 83 ec 30 8b b9 b0 01 00 00 48 8b da 2b b9 d8
0x00007ff9ac3d17d4:   01 00 00 48 8b f1 3b 7a 08 72 0a 8b d7 48 8b cb
0x00007ff9ac3d17e4:   e8 27 82 41 00 48 8b 43 10 48 c7 04 f8 00 00 00
0x00007ff9ac3d17f4:   00 48 8b 96 40 02 00 00 48 85 d2 74 08 48 8b cb
0x00007ff9ac3d1804:   e8 87 a4 e9 ff 48 8b 96 48 02 00 00 48 85 d2 74
0x00007ff9ac3d1814:   08 48 8b cb e8 73 a4 e9 ff 8b 53 18 33 c0 89 44
0x00007ff9ac3d1824:   24 50 85 d2 0f 84 f8 00 00 00 48 89 6c 24 58 4c
0x00007ff9ac3d1834:   89 64 24 60 4c 89 6c 24 68 4c 89 74 24 28 4c 89
0x00007ff9ac3d1844:   7c 24 20 66 0f 1f 84 00 00 00 00 00 8b c8 48 8b
0x00007ff9ac3d1854:   43 10 4c 8b 2c c8 41 8b 45 1c 85 c0 0f 84 95 00
0x00007ff9ac3d1864:   00 00 45 33 f6 44 8b e0 0f 1f 40 00 49 8b 45 08
0x00007ff9ac3d1874:   49 8b 3c 06 48 85 ff 74 6d 40 f6 c7 01 75 67 48
0x00007ff9ac3d1884:   83 3f fe 74 61 44 8b 7f 28 41 8b f7 c1 ee 05 3b
0x00007ff9ac3d1894:   73 20 72 0b 8b d6 48 8d 4b 20 e8 3d 92 57 00 48
0x00007ff9ac3d18a4:   8b 43 28 41 83 e7 1f 48 8d 14 b0 41 0f b6 cf 41
0x00007ff9ac3d18b4:   b8 01 00 00 00 41 d3 e0 8b 0a 8b c1 41 0b c0 89
0x00007ff9ac3d18c4:   02 41 85 c8 75 20 8b 73 18 8d 46 01 89 43 18 3b
0x00007ff9ac3d18d4:   73 08 72 0a 8b d6 48 8b cb e8 2e 81 41 00 48 8b
0x00007ff9ac3d18e4:   43 10 48 89 3c f0 49 83 c6 08 49 83 ec 01 0f 85
0x00007ff9ac3d18f4:   78 ff ff ff 8b 53 18 8b 44 24 50 ff c0 89 44 24
0x00007ff9ac3d1904:   50 3b c2 0f 82 43 ff ff ff 4c 8b 7c 24 20 4c 8b
0x00007ff9ac3d1914:   74 24 28 4c 8b 6c 24 68 4c 8b 64 24 60 48 8b 6c
0x00007ff9ac3d1924:   24 58 48 83 c4 30 5f 5e 5b c3 cc cc 40 53 48 83
0x00007ff9ac3d1934:   ec 20 48 8b 81 50 02 00 00 48 8b d9 48 85 c0 75
0x00007ff9ac3d1944:   27 e8 c6 33 00 00 48 8b d0 48 8b 48 10 48 8b 01
0x00007ff9ac3d1954:   48 3b c2 74 06 83 78 38 02 74 06 48 83 c1 08 eb
0x00007ff9ac3d1964:   ec 48 89 83 50 02 00 00 48 83 c4 20 5b c3 cc cc 


Stack slot to memory mapping:
stack at sp + 0 slots: 0x0000009857dfe370 is pointing into the stack for thread: 0x000001ecfbae0230
stack at sp + 1 slots: 0x0000009857dfe360 is pointing into the stack for thread: 0x000001ecfbae0230
stack at sp + 2 slots: 0x0000009857dfee00 is pointing into the stack for thread: 0x000001ecfbae0230
stack at sp + 3 slots: 0x0000000000004a33 is an unknown value
stack at sp + 4 slots: 0x0000009857dfe240 is pointing into the stack for thread: 0x000001ecfbae0230
stack at sp + 5 slots: 0x0000009857dfee00 is pointing into the stack for thread: 0x000001ecfbae0230
stack at sp + 6 slots: 0x0 is NULL
stack at sp + 7 slots: 0x0000009857dfe3c0 is pointing into the stack for thread: 0x000001ecfbae0230


---------------  P R O C E S S  ---------------

Threads class SMR info:
_java_thread_list=0x000001ecf9d0ac00, length=44, elements={
0x000001ece7643f90, 0x000001ecf7581730, 0x000001ecf7582210, 0x000001ecf759dd50,
0x000001ecf759e710, 0x000001ecf759f0d0, 0x000001ecf75a1d80, 0x000001ecf75b0410,
0x000001ecf75cb110, 0x000001ecf7fd2a40, 0x000001ecf8007d90, 0x000001ecf9bbd5f0,
0x000001ecf8dbf810, 0x000001ecf99a3cc0, 0x000001ecfa264f50, 0x000001ecfa265420,
0x000001ecfa266290, 0x000001ecfba738d0, 0x000001ecfba720c0, 0x000001ecfba74270,
0x000001ecfbb0ae20, 0x000001ecfbb0cb00, 0x000001ecfbb0b7c0, 0x000001ecfbb0c630,
0x000001ecf863bc20, 0x000001ecfe57ecf0, 0x000001ecfe5331f0, 0x000001ecfe5336c0,
0x000001ecfe534a00, 0x000001ecfe531510, 0x000001ecfe531eb0, 0x000001ecf7fd9420,
0x000001ecf7fddc50, 0x000001ecf7fda290, 0x000001ecf7fdf460, 0x000001ecf7fde5f0,
0x000001ecf7fd8a80, 0x000001ecf7fd85b0, 0x000001ecfbae0230, 0x000001ecf7fdb100,
0x000001ecf7fdac30, 0x000001ecf7fda760, 0x000001ecf7fdbf70, 0x000001ecf7fdc440
}

Java Threads: ( => current thread )
  0x000001ece7643f90 JavaThread "main" [_thread_blocked, id=1616, stack(0x0000009856100000,0x0000009856200000)]
  0x000001ecf7581730 JavaThread "Reference Handler" daemon [_thread_blocked, id=9692, stack(0x0000009856800000,0x0000009856900000)]
  0x000001ecf7582210 JavaThread "Finalizer" daemon [_thread_blocked, id=2788, stack(0x0000009856900000,0x0000009856a00000)]
  0x000001ecf759dd50 JavaThread "Signal Dispatcher" daemon [_thread_blocked, id=9204, stack(0x0000009856a00000,0x0000009856b00000)]
  0x000001ecf759e710 JavaThread "Attach Listener" daemon [_thread_blocked, id=9588, stack(0x0000009856b00000,0x0000009856c00000)]
  0x000001ecf759f0d0 JavaThread "Service Thread" daemon [_thread_blocked, id=7964, stack(0x0000009856c00000,0x0000009856d00000)]
  0x000001ecf75a1d80 JavaThread "C2 CompilerThread0" daemon [_thread_in_native, id=5828, stack(0x0000009856d00000,0x0000009856e00000)]
  0x000001ecf75b0410 JavaThread "C1 CompilerThread0" daemon [_thread_blocked, id=10312, stack(0x0000009856e00000,0x0000009856f00000)]
  0x000001ecf75cb110 JavaThread "Sweeper thread" daemon [_thread_blocked, id=9804, stack(0x0000009856f00000,0x0000009857000000)]
  0x000001ecf7fd2a40 JavaThread "Common-Cleaner" daemon [_thread_blocked, id=9520, stack(0x0000009857000000,0x0000009857100000)]
  0x000001ecf8007d90 JavaThread "Notification Thread" daemon [_thread_blocked, id=9408, stack(0x0000009857100000,0x0000009857200000)]
  0x000001ecf9bbd5f0 JavaThread "Daemon health stats" [_thread_blocked, id=4104, stack(0x0000009857600000,0x0000009857700000)]
  0x000001ecf8dbf810 JavaThread "Incoming local TCP Connector on port 2317" [_thread_in_native, id=6752, stack(0x0000009857700000,0x0000009857800000)]
  0x000001ecf99a3cc0 JavaThread "Daemon periodic checks" [_thread_blocked, id=7152, stack(0x0000009857800000,0x0000009857900000)]
  0x000001ecfa264f50 JavaThread "Cache worker for journal cache (C:\Users\Oriohac\AndroidStudioProjects\DogApp\caches\journal-1)" [_thread_blocked, id=292, stack(0x0000009858000000,0x0000009858100000)]
  0x000001ecfa265420 JavaThread "File lock request listener" [_thread_in_native, id=2964, stack(0x0000009858100000,0x0000009858200000)]
  0x000001ecfa266290 JavaThread "Cache worker for file hash cache (C:\Users\Oriohac\AndroidStudioProjects\DogApp\caches\7.5\fileHashes)" [_thread_blocked, id=6360, stack(0x0000009858200000,0x0000009858300000)]
  0x000001ecfba738d0 JavaThread "File watcher server" daemon [_thread_in_native, id=1880, stack(0x0000009858400000,0x0000009858500000)]
  0x000001ecfba720c0 JavaThread "File watcher consumer" daemon [_thread_blocked, id=4288, stack(0x0000009858500000,0x0000009858600000)]
  0x000001ecfba74270 JavaThread "Cache worker for file content cache (C:\Users\Oriohac\AndroidStudioProjects\DogApp\caches\7.5\fileContent)" [_thread_blocked, id=10400, stack(0x0000009858800000,0x0000009858900000)]
  0x000001ecfbb0ae20 JavaThread "Cache worker for execution history cache (C:\Users\Oriohac\AndroidStudioProjects\DogApp\caches\7.5\executionHistory)" [_thread_blocked, id=2160, stack(0x0000009858c00000,0x0000009858d00000)]
  0x000001ecfbb0cb00 JavaThread "jar transforms" [_thread_blocked, id=6188, stack(0x0000009858d00000,0x0000009858e00000)]
  0x000001ecfbb0b7c0 JavaThread "jar transforms Thread 2" [_thread_blocked, id=4616, stack(0x0000009858e00000,0x0000009858f00000)]
  0x000001ecfbb0c630 JavaThread "jar transforms Thread 3" [_thread_blocked, id=9308, stack(0x0000009858f00000,0x0000009859000000)]
  0x000001ecf863bc20 JavaThread "jar transforms Thread 4" [_thread_blocked, id=3392, stack(0x0000009859000000,0x0000009859100000)]
  0x000001ecfe57ecf0 JavaThread "Memory manager" [_thread_blocked, id=7972, stack(0x000000985bc00000,0x000000985bd00000)]
  0x000001ecfe5331f0 JavaThread "RMI Scheduler(0)" daemon [_thread_blocked, id=5032, stack(0x0000009857300000,0x0000009857400000)]
  0x000001ecfe5336c0 JavaThread "RMI GC Daemon" daemon [_thread_blocked, id=5880, stack(0x000000985c500000,0x000000985c600000)]
  0x000001ecfe534a00 JavaThread "RMI TCP Accept-0" daemon [_thread_in_native, id=7596, stack(0x000000985c600000,0x000000985c700000)]
  0x000001ecfe531510 JavaThread "RMI Reaper" [_thread_blocked, id=1668, stack(0x000000985c700000,0x000000985c800000)]
  0x000001ecfe531eb0 JavaThread "ForkJoinPool.commonPool-worker-7" daemon [_thread_blocked, id=1148, stack(0x000000985ce00000,0x000000985cf00000)]
  0x000001ecf7fd9420 JavaThread "Daemon Thread 2" [_thread_blocked, id=11152, stack(0x0000009855e00000,0x0000009855f00000)]
  0x000001ecf7fddc50 JavaThread "Handler for socket connection from /127.0.0.1:2317 to /127.0.0.1:8586" [_thread_in_native, id=8420, stack(0x0000009855f00000,0x0000009856000000)]
  0x000001ecf7fda290 JavaThread "Cancel handler" [_thread_blocked, id=10840, stack(0x0000009856000000,0x0000009856100000)]
  0x000001ecf7fdf460 JavaThread "Daemon worker Thread 2" [_thread_in_native, id=6860, stack(0x0000009857900000,0x0000009857a00000)]
  0x000001ecf7fde5f0 JavaThread "Asynchronous log dispatcher for DefaultDaemonConnection: socket connection from /127.0.0.1:2317 to /127.0.0.1:8586" [_thread_blocked, id=10644, stack(0x0000009857a00000,0x0000009857b00000)]
  0x000001ecf7fd8a80 JavaThread "Stdin handler" [_thread_blocked, id=5500, stack(0x0000009857b00000,0x0000009857c00000)]
  0x000001ecf7fd85b0 JavaThread "Daemon client event forwarder" [_thread_blocked, id=6088, stack(0x0000009857c00000,0x0000009857d00000)]
=>0x000001ecfbae0230 JavaThread "C2 CompilerThread1" daemon [_thread_in_native, id=9960, stack(0x0000009857d00000,0x0000009857e00000)]
  0x000001ecf7fdb100 JavaThread "Cache worker for checksums cache (C:\Users\Oriohac\AndroidStudioProjects\UniuyoHCPatientDetails\.gradle\7.5\checksums)" [_thread_blocked, id=3172, stack(0x0000009857e00000,0x0000009857f00000)]
  0x000001ecf7fdac30 JavaThread "Cache worker for cache directory md-rule (C:\Users\Oriohac\AndroidStudioProjects\DogApp\caches\7.5\md-rule)" [_thread_blocked, id=9136, stack(0x0000009857f00000,0x0000009858000000)]
  0x000001ecf7fda760 JavaThread "Cache worker for file hash cache (C:\Users\Oriohac\AndroidStudioProjects\UniuyoHCPatientDetails\.gradle\7.5\fileHashes)" [_thread_blocked, id=9704, stack(0x0000009858600000,0x0000009858700000)]
  0x000001ecf7fdbf70 JavaThread "Cache worker for cache directory md-supplier (C:\Users\Oriohac\AndroidStudioProjects\DogApp\caches\7.5\md-supplier)" [_thread_blocked, id=5516, stack(0x0000009858700000,0x0000009858800000)]
  0x000001ecf7fdc440 JavaThread "Cache worker for dependencies-accessors (C:\Users\Oriohac\AndroidStudioProjects\UniuyoHCPatientDetails\.gradle\7.5\dependencies-accessors)" [_thread_blocked, id=8940, stack(0x0000009858a00000,0x0000009858b00000)]

Other Threads:
  0x000001ecf757df90 VMThread "VM Thread" [stack: 0x0000009856700000,0x0000009856800000] [id=10600]
  0x000001ecf8008f40 WatcherThread [stack: 0x0000009857200000,0x0000009857300000] [id=5352]
  0x000001ece7679fe0 GCTaskThread "GC Thread#0" [stack: 0x0000009856200000,0x0000009856300000] [id=9276]
  0x000001ecf89aa030 GCTaskThread "GC Thread#1" [stack: 0x0000009857400000,0x0000009857500000] [id=10032]
  0x000001ecf89ab350 GCTaskThread "GC Thread#2" [stack: 0x0000009857500000,0x0000009857600000] [id=3772]
  0x000001ecf89a86b0 GCTaskThread "GC Thread#3" [stack: 0x0000009858300000,0x0000009858400000] [id=1224]
  0x000001ece7687f10 ConcurrentGCThread "G1 Main Marker" [stack: 0x0000009856300000,0x0000009856400000] [id=5620]
  0x000001ece76887d0 ConcurrentGCThread "G1 Conc#0" [stack: 0x0000009856400000,0x0000009856500000] [id=3504]
  0x000001ece7702f20 ConcurrentGCThread "G1 Refine#0" [stack: 0x0000009856500000,0x0000009856600000] [id=3408]
  0x000001ecfa63d930 ConcurrentGCThread "G1 Refine#1" [stack: 0x0000009858900000,0x0000009858a00000] [id=10284]
  0x000001ece7703770 ConcurrentGCThread "G1 Young RemSet Sampling" [stack: 0x0000009856600000,0x0000009856700000] [id=8284]

Threads with active compile tasks:
C2 CompilerThread0  3164856 15583   !   4       org.gradle.api.internal.attributes.DefaultImmutableAttributesFactory::doConcatIsolatable (128 bytes)
C2 CompilerThread1  3164856 15553   !   4       org.gradle.internal.service.DefaultServiceRegistry$ManagedObjectServiceProvider::getInstance (47 bytes)

VM state: not at safepoint (normal execution)

VM Mutex/Monitor currently owned by a thread: None

Heap address: 0x00000000a0000000, size: 1536 MB, Compressed Oops mode: 32-bit
CDS archive(s) mapped at: [0x0000000800000000-0x0000000800b50000-0x0000000800b50000), size 11862016, SharedBaseAddress: 0x0000000800000000, ArchiveRelocationMode: 0.
Compressed class space mapped at: 0x0000000800b50000-0x0000000840b50000, size: 1073741824
Narrow klass base: 0x0000000800000000, Narrow klass shift: 3, Narrow klass range: 0x100000000

GC Precious Log:
 CPUs: 4 total, 4 available
 Memory: 8089M
 Large Page Support: Disabled
 NUMA Support: Disabled
 Compressed Oops: Enabled (32-bit)
 Heap Region Size: 1M
 Heap Min Capacity: 8M
 Heap Initial Capacity: 128M
 Heap Max Capacity: 1536M
 Pre-touch: Disabled
 Parallel Workers: 4
 Concurrent Workers: 1
 Concurrent Refinement Workers: 4
 Periodic GC: Disabled

Heap:
 garbage-first heap   total 244736K, used 136852K [0x00000000a0000000, 0x0000000100000000)
  region size 1024K, 23 young (23552K), 5 survivors (5120K)
 Metaspace       used 106936K, capacity 108429K, committed 108572K, reserved 1142784K
  class space    used 14288K, capacity 14720K, committed 14720K, reserved 1048576K

Heap Regions: E=young(eden), S=young(survivor), O=old, HS=humongous(starts), HC=humongous(continues), CS=collection set, F=free, OA=open archive, CA=closed archive, TAMS=top-at-mark-start (previous, next)
|   0|0x00000000a0000000, 0x00000000a0100000, 0x00000000a0100000|100%|HS|  |TAMS 0x00000000a0100000, 0x00000000a0000000| Complete 
|   1|0x00000000a0100000, 0x00000000a0200000, 0x00000000a0200000|100%|HC|  |TAMS 0x00000000a0200000, 0x00000000a0100000| Complete 
|   2|0x00000000a0200000, 0x00000000a0300000, 0x00000000a0300000|100%|HC|  |TAMS 0x00000000a0300000, 0x00000000a0200000| Complete 
|   3|0x00000000a0300000, 0x00000000a0400000, 0x00000000a0400000|100%| O|  |TAMS 0x00000000a0400000, 0x00000000a0300000| Untracked 
|   4|0x00000000a0400000, 0x00000000a0500000, 0x00000000a0500000|100%| O|  |TAMS 0x00000000a0500000, 0x00000000a0400000| Untracked 
|   5|0x00000000a0500000, 0x00000000a0600000, 0x00000000a0600000|100%| O|  |TAMS 0x00000000a0600000, 0x00000000a0500000| Untracked 
|   6|0x00000000a0600000, 0x00000000a0700000, 0x00000000a0700000|100%| O|  |TAMS 0x00000000a0700000, 0x00000000a0600000| Untracked 
|   7|0x00000000a0700000, 0x00000000a0800000, 0x00000000a0800000|100%| O|  |TAMS 0x00000000a0800000, 0x00000000a0700000| Untracked 
|   8|0x00000000a0800000, 0x00000000a0900000, 0x00000000a0900000|100%| O|  |TAMS 0x00000000a0900000, 0x00000000a0800000| Untracked 
|   9|0x00000000a0900000, 0x00000000a0a00000, 0x00000000a0a00000|100%| O|  |TAMS 0x00000000a0a00000, 0x00000000a0900000| Untracked 
|  10|0x00000000a0a00000, 0x00000000a0b00000, 0x00000000a0b00000|100%| O|  |TAMS 0x00000000a0b00000, 0x00000000a0a00000| Untracked 
|  11|0x00000000a0b00000, 0x00000000a0c00000, 0x00000000a0c00000|100%| O|  |TAMS 0x00000000a0c00000, 0x00000000a0b00000| Untracked 
|  12|0x00000000a0c00000, 0x00000000a0d00000, 0x00000000a0d00000|100%| O|  |TAMS 0x00000000a0d00000, 0x00000000a0c00000| Untracked 
|  13|0x00000000a0d00000, 0x00000000a0e00000, 0x00000000a0e00000|100%| O|  |TAMS 0x00000000a0e00000, 0x00000000a0d00000| Untracked 
|  14|0x00000000a0e00000, 0x00000000a0f00000, 0x00000000a0f00000|100%| O|  |TAMS 0x00000000a0f00000, 0x00000000a0e00000| Untracked 
|  15|0x00000000a0f00000, 0x00000000a1000000, 0x00000000a1000000|100%| O|  |TAMS 0x00000000a1000000, 0x00000000a0f00000| Untracked 
|  16|0x00000000a1000000, 0x00000000a1100000, 0x00000000a1100000|100%| O|  |TAMS 0x00000000a1100000, 0x00000000a1000000| Untracked 
|  17|0x00000000a1100000, 0x00000000a11dcc00, 0x00000000a1200000| 86%| O|  |TAMS 0x00000000a11dcc00, 0x00000000a1100000| Untracked 
|  18|0x00000000a1200000, 0x00000000a1300000, 0x00000000a1300000|100%| O|  |TAMS 0x00000000a1300000, 0x00000000a1200000| Untracked 
|  19|0x00000000a1300000, 0x00000000a1400000, 0x00000000a1400000|100%| O|  |TAMS 0x00000000a1400000, 0x00000000a1300000| Untracked 
|  20|0x00000000a1400000, 0x00000000a1500000, 0x00000000a1500000|100%| O|  |TAMS 0x00000000a1500000, 0x00000000a1400000| Untracked 
|  21|0x00000000a1500000, 0x00000000a1600000, 0x00000000a1600000|100%| O|  |TAMS 0x00000000a1600000, 0x00000000a1500000| Untracked 
|  22|0x00000000a1600000, 0x00000000a1700000, 0x00000000a1700000|100%| O|  |TAMS 0x00000000a1700000, 0x00000000a1600000| Untracked 
|  23|0x00000000a1700000, 0x00000000a1800000, 0x00000000a1800000|100%| O|  |TAMS 0x00000000a1800000, 0x00000000a1700000| Untracked 
|  24|0x00000000a1800000, 0x00000000a1900000, 0x00000000a1900000|100%| O|  |TAMS 0x00000000a1900000, 0x00000000a1800000| Untracked 
|  25|0x00000000a1900000, 0x00000000a1a00000, 0x00000000a1a00000|100%| O|  |TAMS 0x00000000a1a00000, 0x00000000a1900000| Untracked 
|  26|0x00000000a1a00000, 0x00000000a1b00000, 0x00000000a1b00000|100%| O|  |TAMS 0x00000000a1b00000, 0x00000000a1a00000| Untracked 
|  27|0x00000000a1b00000, 0x00000000a1c00000, 0x00000000a1c00000|100%|HS|  |TAMS 0x00000000a1c00000, 0x00000000a1b00000| Complete 
|  28|0x00000000a1c00000, 0x00000000a1d00000, 0x00000000a1d00000|100%| O|  |TAMS 0x00000000a1d00000, 0x00000000a1c00000| Untracked 
|  29|0x00000000a1d00000, 0x00000000a1e00000, 0x00000000a1e00000|100%| O|  |TAMS 0x00000000a1e00000, 0x00000000a1d00000| Untracked 
|  30|0x00000000a1e00000, 0x00000000a1f00000, 0x00000000a1f00000|100%|HS|  |TAMS 0x00000000a1f00000, 0x00000000a1e00000| Complete 
|  31|0x00000000a1f00000, 0x00000000a2000000, 0x00000000a2000000|100%|HS|  |TAMS 0x00000000a2000000, 0x00000000a1f00000| Complete 
|  32|0x00000000a2000000, 0x00000000a2100000, 0x00000000a2100000|100%| O|  |TAMS 0x00000000a2100000, 0x00000000a2000000| Untracked 
|  33|0x00000000a2100000, 0x00000000a2200000, 0x00000000a2200000|100%| O|  |TAMS 0x00000000a2200000, 0x00000000a2100000| Untracked 
|  34|0x00000000a2200000, 0x00000000a2300000, 0x00000000a2300000|100%|HS|  |TAMS 0x00000000a2300000, 0x00000000a2200000| Complete 
|  35|0x00000000a2300000, 0x00000000a2400000, 0x00000000a2400000|100%|HC|  |TAMS 0x00000000a2400000, 0x00000000a2300000| Complete 
|  36|0x00000000a2400000, 0x00000000a2500000, 0x00000000a2500000|100%|HC|  |TAMS 0x00000000a2500000, 0x00000000a2400000| Complete 
|  37|0x00000000a2500000, 0x00000000a2600000, 0x00000000a2600000|100%| O|  |TAMS 0x00000000a2600000, 0x00000000a2500000| Untracked 
|  38|0x00000000a2600000, 0x00000000a2700000, 0x00000000a2700000|100%| O|  |TAMS 0x00000000a2700000, 0x00000000a2600000| Untracked 
|  39|0x00000000a2700000, 0x00000000a2800000, 0x00000000a2800000|100%| O|  |TAMS 0x00000000a2800000, 0x00000000a2700000| Untracked 
|  40|0x00000000a2800000, 0x00000000a2900000, 0x00000000a2900000|100%| O|  |TAMS 0x00000000a2900000, 0x00000000a2800000| Untracked 
|  41|0x00000000a2900000, 0x00000000a2a00000, 0x00000000a2a00000|100%| O|  |TAMS 0x00000000a2a00000, 0x00000000a2900000| Untracked 
|  42|0x00000000a2a00000, 0x00000000a2b00000, 0x00000000a2b00000|100%| O|  |TAMS 0x00000000a2b00000, 0x00000000a2a00000| Untracked 
|  43|0x00000000a2b00000, 0x00000000a2c00000, 0x00000000a2c00000|100%| O|  |TAMS 0x00000000a2c00000, 0x00000000a2b00000| Untracked 
|  44|0x00000000a2c00000, 0x00000000a2d00000, 0x00000000a2d00000|100%| O|  |TAMS 0x00000000a2d00000, 0x00000000a2c00000| Untracked 
|  45|0x00000000a2d00000, 0x00000000a2e00000, 0x00000000a2e00000|100%| O|  |TAMS 0x00000000a2e00000, 0x00000000a2d00000| Untracked 
|  46|0x00000000a2e00000, 0x00000000a2f00000, 0x00000000a2f00000|100%| O|  |TAMS 0x00000000a2f00000, 0x00000000a2e00000| Untracked 
|  47|0x00000000a2f00000, 0x00000000a3000000, 0x00000000a3000000|100%| O|  |TAMS 0x00000000a3000000, 0x00000000a2f00000| Untracked 
|  48|0x00000000a3000000, 0x00000000a3100000, 0x00000000a3100000|100%| O|  |TAMS 0x00000000a3100000, 0x00000000a3000000| Untracked 
|  49|0x00000000a3100000, 0x00000000a3200000, 0x00000000a3200000|100%| O|  |TAMS 0x00000000a3200000, 0x00000000a3100000| Untracked 
|  50|0x00000000a3200000, 0x00000000a3300000, 0x00000000a3300000|100%| O|  |TAMS 0x00000000a3300000, 0x00000000a3200000| Untracked 
|  51|0x00000000a3300000, 0x00000000a3400000, 0x00000000a3400000|100%| O|  |TAMS 0x00000000a3400000, 0x00000000a3300000| Untracked 
|  52|0x00000000a3400000, 0x00000000a3500000, 0x00000000a3500000|100%| O|  |TAMS 0x00000000a3500000, 0x00000000a3400000| Untracked 
|  53|0x00000000a3500000, 0x00000000a3600000, 0x00000000a3600000|100%| O|  |TAMS 0x00000000a3600000, 0x00000000a3500000| Untracked 
|  54|0x00000000a3600000, 0x00000000a3700000, 0x00000000a3700000|100%| O|  |TAMS 0x00000000a3700000, 0x00000000a3600000| Untracked 
|  55|0x00000000a3700000, 0x00000000a3800000, 0x00000000a3800000|100%| O|  |TAMS 0x00000000a3800000, 0x00000000a3700000| Untracked 
|  56|0x00000000a3800000, 0x00000000a3900000, 0x00000000a3900000|100%| O|  |TAMS 0x00000000a3900000, 0x00000000a3800000| Untracked 
|  57|0x00000000a3900000, 0x00000000a3a00000, 0x00000000a3a00000|100%| O|  |TAMS 0x00000000a3a00000, 0x00000000a3900000| Untracked 
|  58|0x00000000a3a00000, 0x00000000a3b00000, 0x00000000a3b00000|100%| O|  |TAMS 0x00000000a3b00000, 0x00000000a3a00000| Untracked 
|  59|0x00000000a3b00000, 0x00000000a3c00000, 0x00000000a3c00000|100%| O|  |TAMS 0x00000000a3c00000, 0x00000000a3b00000| Untracked 
|  60|0x00000000a3c00000, 0x00000000a3d00000, 0x00000000a3d00000|100%| O|  |TAMS 0x00000000a3d00000, 0x00000000a3c00000| Untracked 
|  61|0x00000000a3d00000, 0x00000000a3e00000, 0x00000000a3e00000|100%| O|  |TAMS 0x00000000a3e00000, 0x00000000a3d00000| Untracked 
|  62|0x00000000a3e00000, 0x00000000a3f00000, 0x00000000a3f00000|100%| O|  |TAMS 0x00000000a3f00000, 0x00000000a3e00000| Untracked 
|  63|0x00000000a3f00000, 0x00000000a4000000, 0x00000000a4000000|100%| O|  |TAMS 0x00000000a4000000, 0x00000000a3f00000| Untracked 
|  64|0x00000000a4000000, 0x00000000a4100000, 0x00000000a4100000|100%| O|  |TAMS 0x00000000a4100000, 0x00000000a4000000| Untracked 
|  65|0x00000000a4100000, 0x00000000a4200000, 0x00000000a4200000|100%| O|  |TAMS 0x00000000a4200000, 0x00000000a4100000| Untracked 
|  66|0x00000000a4200000, 0x00000000a4300000, 0x00000000a4300000|100%| O|  |TAMS 0x00000000a4300000, 0x00000000a4200000| Untracked 
|  67|0x00000000a4300000, 0x00000000a4400000, 0x00000000a4400000|100%| O|  |TAMS 0x00000000a4400000, 0x00000000a4300000| Untracked 
|  68|0x00000000a4400000, 0x00000000a4500000, 0x00000000a4500000|100%| O|  |TAMS 0x00000000a4500000, 0x00000000a4400000| Untracked 
|  69|0x00000000a4500000, 0x00000000a4600000, 0x00000000a4600000|100%| O|  |TAMS 0x00000000a4600000, 0x00000000a4500000| Untracked 
|  70|0x00000000a4600000, 0x00000000a4700000, 0x00000000a4700000|100%| O|  |TAMS 0x00000000a4700000, 0x00000000a4600000| Untracked 
|  71|0x00000000a4700000, 0x00000000a4800000, 0x00000000a4800000|100%| O|  |TAMS 0x00000000a4800000, 0x00000000a4700000| Untracked 
|  72|0x00000000a4800000, 0x00000000a4900000, 0x00000000a4900000|100%| O|  |TAMS 0x00000000a4900000, 0x00000000a4800000| Untracked 
|  73|0x00000000a4900000, 0x00000000a4a00000, 0x00000000a4a00000|100%| O|  |TAMS 0x00000000a4a00000, 0x00000000a4900000| Untracked 
|  74|0x00000000a4a00000, 0x00000000a4b00000, 0x00000000a4b00000|100%| O|  |TAMS 0x00000000a4b00000, 0x00000000a4a00000| Untracked 
|  75|0x00000000a4b00000, 0x00000000a4c00000, 0x00000000a4c00000|100%| O|  |TAMS 0x00000000a4c00000, 0x00000000a4b00000| Untracked 
|  76|0x00000000a4c00000, 0x00000000a4d00000, 0x00000000a4d00000|100%| O|  |TAMS 0x00000000a4d00000, 0x00000000a4c00000| Untracked 
|  77|0x00000000a4d00000, 0x00000000a4e00000, 0x00000000a4e00000|100%| O|  |TAMS 0x00000000a4e00000, 0x00000000a4d00000| Untracked 
|  78|0x00000000a4e00000, 0x00000000a4f00000, 0x00000000a4f00000|100%| O|  |TAMS 0x00000000a4f00000, 0x00000000a4e00000| Untracked 
|  79|0x00000000a4f00000, 0x00000000a5000000, 0x00000000a5000000|100%| O|  |TAMS 0x00000000a5000000, 0x00000000a4f00000| Untracked 
|  80|0x00000000a5000000, 0x00000000a5100000, 0x00000000a5100000|100%| O|  |TAMS 0x00000000a5100000, 0x00000000a5000000| Untracked 
|  81|0x00000000a5100000, 0x00000000a5200000, 0x00000000a5200000|100%| O|  |TAMS 0x00000000a5200000, 0x00000000a5100000| Untracked 
|  82|0x00000000a5200000, 0x00000000a5300000, 0x00000000a5300000|100%| O|  |TAMS 0x00000000a5300000, 0x00000000a5200000| Untracked 
|  83|0x00000000a5300000, 0x00000000a5400000, 0x00000000a5400000|100%| O|  |TAMS 0x00000000a5400000, 0x00000000a5300000| Untracked 
|  84|0x00000000a5400000, 0x00000000a5500000, 0x00000000a5500000|100%| O|  |TAMS 0x00000000a5500000, 0x00000000a5400000| Untracked 
|  85|0x00000000a5500000, 0x00000000a5600000, 0x00000000a5600000|100%| O|  |TAMS 0x00000000a5600000, 0x00000000a5500000| Untracked 
|  86|0x00000000a5600000, 0x00000000a5700000, 0x00000000a5700000|100%| O|  |TAMS 0x00000000a5700000, 0x00000000a5600000| Untracked 
|  87|0x00000000a5700000, 0x00000000a5800000, 0x00000000a5800000|100%| O|  |TAMS 0x00000000a5800000, 0x00000000a5700000| Untracked 
|  88|0x00000000a5800000, 0x00000000a5900000, 0x00000000a5900000|100%| O|  |TAMS 0x00000000a5900000, 0x00000000a5800000| Untracked 
|  89|0x00000000a5900000, 0x00000000a5a00000, 0x00000000a5a00000|100%| O|  |TAMS 0x00000000a5a00000, 0x00000000a5900000| Untracked 
|  90|0x00000000a5a00000, 0x00000000a5b00000, 0x00000000a5b00000|100%| O|  |TAMS 0x00000000a5b00000, 0x00000000a5a00000| Untracked 
|  91|0x00000000a5b00000, 0x00000000a5c00000, 0x00000000a5c00000|100%| O|  |TAMS 0x00000000a5c00000, 0x00000000a5b00000| Untracked 
|  92|0x00000000a5c00000, 0x00000000a5d00000, 0x00000000a5d00000|100%| O|  |TAMS 0x00000000a5d00000, 0x00000000a5c00000| Untracked 
|  93|0x00000000a5d00000, 0x00000000a5e00000, 0x00000000a5e00000|100%| O|  |TAMS 0x00000000a5e00000, 0x00000000a5d00000| Untracked 
|  94|0x00000000a5e00000, 0x00000000a5f00000, 0x00000000a5f00000|100%| O|  |TAMS 0x00000000a5f00000, 0x00000000a5e00000| Untracked 
|  95|0x00000000a5f00000, 0x00000000a6000000, 0x00000000a6000000|100%| O|  |TAMS 0x00000000a6000000, 0x00000000a5f00000| Untracked 
|  96|0x00000000a6000000, 0x00000000a6100000, 0x00000000a6100000|100%| O|  |TAMS 0x00000000a6100000, 0x00000000a6000000| Untracked 
|  97|0x00000000a6100000, 0x00000000a6200000, 0x00000000a6200000|100%| O|  |TAMS 0x00000000a6200000, 0x00000000a6100000| Untracked 
|  98|0x00000000a6200000, 0x00000000a6300000, 0x00000000a6300000|100%| O|  |TAMS 0x00000000a6300000, 0x00000000a6200000| Untracked 
|  99|0x00000000a6300000, 0x00000000a6400000, 0x00000000a6400000|100%| O|  |TAMS 0x00000000a6400000, 0x00000000a6300000| Untracked 
| 100|0x00000000a6400000, 0x00000000a6500000, 0x00000000a6500000|100%| O|  |TAMS 0x00000000a6500000, 0x00000000a6400000| Untracked 
| 101|0x00000000a6500000, 0x00000000a6600000, 0x00000000a6600000|100%| O|  |TAMS 0x00000000a6600000, 0x00000000a6500000| Untracked 
| 102|0x00000000a6600000, 0x00000000a6700000, 0x00000000a6700000|100%| O|  |TAMS 0x00000000a6700000, 0x00000000a6600000| Untracked 
| 103|0x00000000a6700000, 0x00000000a6800000, 0x00000000a6800000|100%| O|  |TAMS 0x00000000a6800000, 0x00000000a6700000| Untracked 
| 104|0x00000000a6800000, 0x00000000a6900000, 0x00000000a6900000|100%| O|  |TAMS 0x00000000a6900000, 0x00000000a6800000| Untracked 
| 105|0x00000000a6900000, 0x00000000a6a00000, 0x00000000a6a00000|100%| O|  |TAMS 0x00000000a698ee00, 0x00000000a6900000| Untracked 
| 106|0x00000000a6a00000, 0x00000000a6b00000, 0x00000000a6b00000|100%| O|  |TAMS 0x00000000a6a00000, 0x00000000a6a00000| Untracked 
| 107|0x00000000a6b00000, 0x00000000a6c00000, 0x00000000a6c00000|100%| O|  |TAMS 0x00000000a6b00000, 0x00000000a6b00000| Untracked 
| 108|0x00000000a6c00000, 0x00000000a6d00000, 0x00000000a6d00000|100%| O|  |TAMS 0x00000000a6c00000, 0x00000000a6c00000| Untracked 
| 109|0x00000000a6d00000, 0x00000000a6d00000, 0x00000000a6e00000|  0%| F|  |TAMS 0x00000000a6d00000, 0x00000000a6d00000| Untracked 
| 110|0x00000000a6e00000, 0x00000000a6e00000, 0x00000000a6f00000|  0%| F|  |TAMS 0x00000000a6e00000, 0x00000000a6e00000| Untracked 
| 111|0x00000000a6f00000, 0x00000000a6f00000, 0x00000000a7000000|  0%| F|  |TAMS 0x00000000a6f00000, 0x00000000a6f00000| Untracked 
| 112|0x00000000a7000000, 0x00000000a7000000, 0x00000000a7100000|  0%| F|  |TAMS 0x00000000a7000000, 0x00000000a7000000| Untracked 
| 113|0x00000000a7100000, 0x00000000a7100000, 0x00000000a7200000|  0%| F|  |TAMS 0x00000000a7100000, 0x00000000a7100000| Untracked 
| 114|0x00000000a7200000, 0x00000000a7200000, 0x00000000a7300000|  0%| F|  |TAMS 0x00000000a7200000, 0x00000000a7200000| Untracked 
| 115|0x00000000a7300000, 0x00000000a7300000, 0x00000000a7400000|  0%| F|  |TAMS 0x00000000a7300000, 0x00000000a7300000| Untracked 
| 116|0x00000000a7400000, 0x00000000a7400000, 0x00000000a7500000|  0%| F|  |TAMS 0x00000000a7400000, 0x00000000a7400000| Untracked 
| 117|0x00000000a7500000, 0x00000000a7500000, 0x00000000a7600000|  0%| F|  |TAMS 0x00000000a7500000, 0x00000000a7500000| Untracked 
| 118|0x00000000a7600000, 0x00000000a7600000, 0x00000000a7700000|  0%| F|  |TAMS 0x00000000a7600000, 0x00000000a7600000| Untracked 
| 119|0x00000000a7700000, 0x00000000a7700000, 0x00000000a7800000|  0%| F|  |TAMS 0x00000000a7700000, 0x00000000a7700000| Untracked 
| 120|0x00000000a7800000, 0x00000000a7800000, 0x00000000a7900000|  0%| F|  |TAMS 0x00000000a7800000, 0x00000000a7800000| Untracked 
| 121|0x00000000a7900000, 0x00000000a7900000, 0x00000000a7a00000|  0%| F|  |TAMS 0x00000000a7900000, 0x00000000a7900000| Untracked 
| 122|0x00000000a7a00000, 0x00000000a7a00000, 0x00000000a7b00000|  0%| F|  |TAMS 0x00000000a7a00000, 0x00000000a7a00000| Untracked 
| 123|0x00000000a7b00000, 0x00000000a7b00000, 0x00000000a7c00000|  0%| F|  |TAMS 0x00000000a7b00000, 0x00000000a7b00000| Untracked 
| 124|0x00000000a7c00000, 0x00000000a7c00000, 0x00000000a7d00000|  0%| F|  |TAMS 0x00000000a7c00000, 0x00000000a7c00000| Untracked 
| 125|0x00000000a7d00000, 0x00000000a7d00000, 0x00000000a7e00000|  0%| F|  |TAMS 0x00000000a7d00000, 0x00000000a7d00000| Untracked 
| 126|0x00000000a7e00000, 0x00000000a7e00000, 0x00000000a7f00000|  0%| F|  |TAMS 0x00000000a7e00000, 0x00000000a7e00000| Untracked 
| 127|0x00000000a7f00000, 0x00000000a7f00000, 0x00000000a8000000|  0%| F|  |TAMS 0x00000000a7f00000, 0x00000000a7f00000| Untracked 
| 128|0x00000000a8000000, 0x00000000a8000000, 0x00000000a8100000|  0%| F|  |TAMS 0x00000000a8000000, 0x00000000a8000000| Untracked 
| 129|0x00000000a8100000, 0x00000000a8200000, 0x00000000a8200000|100%| O|  |TAMS 0x00000000a8100000, 0x00000000a8100000| Untracked 
| 130|0x00000000a8200000, 0x00000000a8300000, 0x00000000a8300000|100%| O|  |TAMS 0x00000000a8200000, 0x00000000a8200000| Untracked 
| 131|0x00000000a8300000, 0x00000000a8400000, 0x00000000a8400000|100%| O|  |TAMS 0x00000000a8300000, 0x00000000a8300000| Untracked 
| 132|0x00000000a8400000, 0x00000000a846ea00, 0x00000000a8500000| 43%| O|  |TAMS 0x00000000a8400000, 0x00000000a8400000| Untracked 
| 133|0x00000000a8500000, 0x00000000a8500000, 0x00000000a8600000|  0%| F|  |TAMS 0x00000000a8500000, 0x00000000a8500000| Untracked 
| 134|0x00000000a8600000, 0x00000000a8600000, 0x00000000a8700000|  0%| F|  |TAMS 0x00000000a8600000, 0x00000000a8600000| Untracked 
| 135|0x00000000a8700000, 0x00000000a8700000, 0x00000000a8800000|  0%| F|  |TAMS 0x00000000a8700000, 0x00000000a8700000| Untracked 
| 136|0x00000000a8800000, 0x00000000a8800000, 0x00000000a8900000|  0%| F|  |TAMS 0x00000000a8800000, 0x00000000a8800000| Untracked 
| 137|0x00000000a8900000, 0x00000000a8900000, 0x00000000a8a00000|  0%| F|  |TAMS 0x00000000a8900000, 0x00000000a8900000| Untracked 
| 138|0x00000000a8a00000, 0x00000000a8a00000, 0x00000000a8b00000|  0%| F|  |TAMS 0x00000000a8a00000, 0x00000000a8a00000| Untracked 
| 139|0x00000000a8b00000, 0x00000000a8b00000, 0x00000000a8c00000|  0%| F|  |TAMS 0x00000000a8b00000, 0x00000000a8b00000| Untracked 
| 140|0x00000000a8c00000, 0x00000000a8c00000, 0x00000000a8d00000|  0%| F|  |TAMS 0x00000000a8c00000, 0x00000000a8c00000| Untracked 
| 141|0x00000000a8d00000, 0x00000000a8d00000, 0x00000000a8e00000|  0%| F|  |TAMS 0x00000000a8d00000, 0x00000000a8d00000| Untracked 
| 142|0x00000000a8e00000, 0x00000000a8e00000, 0x00000000a8f00000|  0%| F|  |TAMS 0x00000000a8e00000, 0x00000000a8e00000| Untracked 
| 143|0x00000000a8f00000, 0x00000000a8f00000, 0x00000000a9000000|  0%| F|  |TAMS 0x00000000a8f00000, 0x00000000a8f00000| Untracked 
| 144|0x00000000a9000000, 0x00000000a9000000, 0x00000000a9100000|  0%| F|  |TAMS 0x00000000a9000000, 0x00000000a9000000| Untracked 
| 145|0x00000000a9100000, 0x00000000a9100000, 0x00000000a9200000|  0%| F|  |TAMS 0x00000000a9100000, 0x00000000a9100000| Untracked 
| 146|0x00000000a9200000, 0x00000000a9200000, 0x00000000a9300000|  0%| F|  |TAMS 0x00000000a9200000, 0x00000000a9200000| Untracked 
| 147|0x00000000a9300000, 0x00000000a9300000, 0x00000000a9400000|  0%| F|  |TAMS 0x00000000a9300000, 0x00000000a9300000| Untracked 
| 148|0x00000000a9400000, 0x00000000a9400000, 0x00000000a9500000|  0%| F|  |TAMS 0x00000000a9400000, 0x00000000a9400000| Untracked 
| 149|0x00000000a9500000, 0x00000000a9500000, 0x00000000a9600000|  0%| F|  |TAMS 0x00000000a9500000, 0x00000000a9500000| Untracked 
| 150|0x00000000a9600000, 0x00000000a9600000, 0x00000000a9700000|  0%| F|  |TAMS 0x00000000a9600000, 0x00000000a9600000| Untracked 
| 151|0x00000000a9700000, 0x00000000a9700000, 0x00000000a9800000|  0%| F|  |TAMS 0x00000000a9700000, 0x00000000a9700000| Untracked 
| 152|0x00000000a9800000, 0x00000000a9800000, 0x00000000a9900000|  0%| F|  |TAMS 0x00000000a9800000, 0x00000000a9800000| Untracked 
| 153|0x00000000a9900000, 0x00000000a9900000, 0x00000000a9a00000|  0%| F|  |TAMS 0x00000000a9900000, 0x00000000a9900000| Untracked 
| 154|0x00000000a9a00000, 0x00000000a9a00000, 0x00000000a9b00000|  0%| F|  |TAMS 0x00000000a9a00000, 0x00000000a9a00000| Untracked 
| 155|0x00000000a9b00000, 0x00000000a9b00000, 0x00000000a9c00000|  0%| F|  |TAMS 0x00000000a9b00000, 0x00000000a9b00000| Untracked 
| 156|0x00000000a9c00000, 0x00000000a9c00000, 0x00000000a9d00000|  0%| F|  |TAMS 0x00000000a9c00000, 0x00000000a9c00000| Untracked 
| 157|0x00000000a9d00000, 0x00000000a9d00000, 0x00000000a9e00000|  0%| F|  |TAMS 0x00000000a9d00000, 0x00000000a9d00000| Untracked 
| 158|0x00000000a9e00000, 0x00000000a9e00000, 0x00000000a9f00000|  0%| F|  |TAMS 0x00000000a9e00000, 0x00000000a9e00000| Untracked 
| 159|0x00000000a9f00000, 0x00000000a9f00000, 0x00000000aa000000|  0%| F|  |TAMS 0x00000000a9f00000, 0x00000000a9f00000| Untracked 
| 160|0x00000000aa000000, 0x00000000aa000000, 0x00000000aa100000|  0%| F|  |TAMS 0x00000000aa000000, 0x00000000aa000000| Untracked 
| 161|0x00000000aa100000, 0x00000000aa100000, 0x00000000aa200000|  0%| F|  |TAMS 0x00000000aa100000, 0x00000000aa100000| Untracked 
| 162|0x00000000aa200000, 0x00000000aa200000, 0x00000000aa300000|  0%| F|  |TAMS 0x00000000aa200000, 0x00000000aa200000| Untracked 
| 163|0x00000000aa300000, 0x00000000aa300000, 0x00000000aa400000|  0%| F|  |TAMS 0x00000000aa300000, 0x00000000aa300000| Untracked 
| 164|0x00000000aa400000, 0x00000000aa400000, 0x00000000aa500000|  0%| F|  |TAMS 0x00000000aa400000, 0x00000000aa400000| Untracked 
| 165|0x00000000aa500000, 0x00000000aa500000, 0x00000000aa600000|  0%| F|  |TAMS 0x00000000aa500000, 0x00000000aa500000| Untracked 
| 166|0x00000000aa600000, 0x00000000aa600000, 0x00000000aa700000|  0%| F|  |TAMS 0x00000000aa600000, 0x00000000aa600000| Untracked 
| 167|0x00000000aa700000, 0x00000000aa700000, 0x00000000aa800000|  0%| F|  |TAMS 0x00000000aa700000, 0x00000000aa700000| Untracked 
| 168|0x00000000aa800000, 0x00000000aa800000, 0x00000000aa900000|  0%| F|  |TAMS 0x00000000aa800000, 0x00000000aa800000| Untracked 
| 169|0x00000000aa900000, 0x00000000aa900000, 0x00000000aaa00000|  0%| F|  |TAMS 0x00000000aa900000, 0x00000000aa900000| Untracked 
| 170|0x00000000aaa00000, 0x00000000aaa00000, 0x00000000aab00000|  0%| F|  |TAMS 0x00000000aaa00000, 0x00000000aaa00000| Untracked 
| 171|0x00000000aab00000, 0x00000000aab00000, 0x00000000aac00000|  0%| F|  |TAMS 0x00000000aab00000, 0x00000000aab00000| Untracked 
| 172|0x00000000aac00000, 0x00000000aac00000, 0x00000000aad00000|  0%| F|  |TAMS 0x00000000aac00000, 0x00000000aac00000| Untracked 
| 173|0x00000000aad00000, 0x00000000aad59bc8, 0x00000000aae00000| 35%| S|CS|TAMS 0x00000000aad00000, 0x00000000aad00000| Complete 
| 174|0x00000000aae00000, 0x00000000aaf00000, 0x00000000aaf00000|100%| S|CS|TAMS 0x00000000aae00000, 0x00000000aae00000| Complete 
| 175|0x00000000aaf00000, 0x00000000ab000000, 0x00000000ab000000|100%| S|CS|TAMS 0x00000000aaf00000, 0x00000000aaf00000| Complete 
| 176|0x00000000ab000000, 0x00000000ab100000, 0x00000000ab100000|100%| S|CS|TAMS 0x00000000ab000000, 0x00000000ab000000| Complete 
| 177|0x00000000ab100000, 0x00000000ab200000, 0x00000000ab200000|100%| S|CS|TAMS 0x00000000ab100000, 0x00000000ab100000| Complete 
| 178|0x00000000ab200000, 0x00000000ab200000, 0x00000000ab300000|  0%| F|  |TAMS 0x00000000ab200000, 0x00000000ab200000| Untracked 
| 179|0x00000000ab300000, 0x00000000ab300000, 0x00000000ab400000|  0%| F|  |TAMS 0x00000000ab300000, 0x00000000ab300000| Untracked 
| 180|0x00000000ab400000, 0x00000000ab400000, 0x00000000ab500000|  0%| F|  |TAMS 0x00000000ab400000, 0x00000000ab400000| Untracked 
| 181|0x00000000ab500000, 0x00000000ab500000, 0x00000000ab600000|  0%| F|  |TAMS 0x00000000ab500000, 0x00000000ab500000| Untracked 
| 182|0x00000000ab600000, 0x00000000ab600000, 0x00000000ab700000|  0%| F|  |TAMS 0x00000000ab600000, 0x00000000ab600000| Untracked 
| 183|0x00000000ab700000, 0x00000000ab700000, 0x00000000ab800000|  0%| F|  |TAMS 0x00000000ab700000, 0x00000000ab700000| Untracked 
| 184|0x00000000ab800000, 0x00000000ab800000, 0x00000000ab900000|  0%| F|  |TAMS 0x00000000ab800000, 0x00000000ab800000| Untracked 
| 185|0x00000000ab900000, 0x00000000ab900000, 0x00000000aba00000|  0%| F|  |TAMS 0x00000000ab900000, 0x00000000ab900000| Untracked 
| 186|0x00000000aba00000, 0x00000000aba00000, 0x00000000abb00000|  0%| F|  |TAMS 0x00000000aba00000, 0x00000000aba00000| Untracked 
| 187|0x00000000abb00000, 0x00000000abb00000, 0x00000000abc00000|  0%| F|  |TAMS 0x00000000abb00000, 0x00000000abb00000| Untracked 
| 188|0x00000000abc00000, 0x00000000abc00000, 0x00000000abd00000|  0%| F|  |TAMS 0x00000000abc00000, 0x00000000abc00000| Untracked 
| 189|0x00000000abd00000, 0x00000000abd00000, 0x00000000abe00000|  0%| F|  |TAMS 0x00000000abd00000, 0x00000000abd00000| Untracked 
| 190|0x00000000abe00000, 0x00000000abe00000, 0x00000000abf00000|  0%| F|  |TAMS 0x00000000abe00000, 0x00000000abe00000| Untracked 
| 191|0x00000000abf00000, 0x00000000abf00000, 0x00000000ac000000|  0%| F|  |TAMS 0x00000000abf00000, 0x00000000abf00000| Untracked 
| 192|0x00000000ac000000, 0x00000000ac000000, 0x00000000ac100000|  0%| F|  |TAMS 0x00000000ac000000, 0x00000000ac000000| Untracked 
| 193|0x00000000ac100000, 0x00000000ac100000, 0x00000000ac200000|  0%| F|  |TAMS 0x00000000ac100000, 0x00000000ac100000| Untracked 
| 194|0x00000000ac200000, 0x00000000ac200000, 0x00000000ac300000|  0%| F|  |TAMS 0x00000000ac200000, 0x00000000ac200000| Untracked 
| 195|0x00000000ac300000, 0x00000000ac300000, 0x00000000ac400000|  0%| F|  |TAMS 0x00000000ac300000, 0x00000000ac300000| Untracked 
| 196|0x00000000ac400000, 0x00000000ac400000, 0x00000000ac500000|  0%| F|  |TAMS 0x00000000ac400000, 0x00000000ac400000| Untracked 
| 197|0x00000000ac500000, 0x00000000ac500000, 0x00000000ac600000|  0%| F|  |TAMS 0x00000000ac500000, 0x00000000ac500000| Untracked 
| 198|0x00000000ac600000, 0x00000000ac600000, 0x00000000ac700000|  0%| F|  |TAMS 0x00000000ac600000, 0x00000000ac600000| Untracked 
| 199|0x00000000ac700000, 0x00000000ac700000, 0x00000000ac800000|  0%| F|  |TAMS 0x00000000ac700000, 0x00000000ac700000| Untracked 
| 200|0x00000000ac800000, 0x00000000ac800000, 0x00000000ac900000|  0%| F|  |TAMS 0x00000000ac800000, 0x00000000ac800000| Untracked 
| 201|0x00000000ac900000, 0x00000000ac900000, 0x00000000aca00000|  0%| F|  |TAMS 0x00000000ac900000, 0x00000000ac900000| Untracked 
| 202|0x00000000aca00000, 0x00000000aca00000, 0x00000000acb00000|  0%| F|  |TAMS 0x00000000aca00000, 0x00000000aca00000| Untracked 
| 203|0x00000000acb00000, 0x00000000acb00000, 0x00000000acc00000|  0%| F|  |TAMS 0x00000000acb00000, 0x00000000acb00000| Untracked 
| 204|0x00000000acc00000, 0x00000000acc00000, 0x00000000acd00000|  0%| F|  |TAMS 0x00000000acc00000, 0x00000000acc00000| Untracked 
| 205|0x00000000acd00000, 0x00000000acd00000, 0x00000000ace00000|  0%| F|  |TAMS 0x00000000acd00000, 0x00000000acd00000| Untracked 
| 206|0x00000000ace00000, 0x00000000ace00000, 0x00000000acf00000|  0%| F|  |TAMS 0x00000000ace00000, 0x00000000ace00000| Untracked 
| 207|0x00000000acf00000, 0x00000000acf00000, 0x00000000ad000000|  0%| F|  |TAMS 0x00000000acf00000, 0x00000000acf00000| Untracked 
| 208|0x00000000ad000000, 0x00000000ad000000, 0x00000000ad100000|  0%| F|  |TAMS 0x00000000ad000000, 0x00000000ad000000| Untracked 
| 209|0x00000000ad100000, 0x00000000ad100000, 0x00000000ad200000|  0%| F|  |TAMS 0x00000000ad100000, 0x00000000ad100000| Untracked 
| 210|0x00000000ad200000, 0x00000000ad200000, 0x00000000ad300000|  0%| F|  |TAMS 0x00000000ad200000, 0x00000000ad200000| Untracked 
| 211|0x00000000ad300000, 0x00000000ad300000, 0x00000000ad400000|  0%| F|  |TAMS 0x00000000ad300000, 0x00000000ad300000| Untracked 
| 212|0x00000000ad400000, 0x00000000ad400000, 0x00000000ad500000|  0%| F|  |TAMS 0x00000000ad400000, 0x00000000ad400000| Untracked 
| 213|0x00000000ad500000, 0x00000000ad500000, 0x00000000ad600000|  0%| F|  |TAMS 0x00000000ad500000, 0x00000000ad500000| Untracked 
| 214|0x00000000ad600000, 0x00000000ad600000, 0x00000000ad700000|  0%| F|  |TAMS 0x00000000ad600000, 0x00000000ad600000| Untracked 
| 215|0x00000000ad700000, 0x00000000ad700000, 0x00000000ad800000|  0%| F|  |TAMS 0x00000000ad700000, 0x00000000ad700000| Untracked 
| 216|0x00000000ad800000, 0x00000000ad800000, 0x00000000ad900000|  0%| F|  |TAMS 0x00000000ad800000, 0x00000000ad800000| Untracked 
| 217|0x00000000ad900000, 0x00000000ad900000, 0x00000000ada00000|  0%| F|  |TAMS 0x00000000ad900000, 0x00000000ad900000| Untracked 
| 218|0x00000000ada00000, 0x00000000ada00000, 0x00000000adb00000|  0%| F|  |TAMS 0x00000000ada00000, 0x00000000ada00000| Untracked 
| 219|0x00000000adb00000, 0x00000000adb00000, 0x00000000adc00000|  0%| F|  |TAMS 0x00000000adb00000, 0x00000000adb00000| Untracked 
| 220|0x00000000adc00000, 0x00000000adc00000, 0x00000000add00000|  0%| F|  |TAMS 0x00000000adc00000, 0x00000000adc00000| Untracked 
| 221|0x00000000add00000, 0x00000000add39d30, 0x00000000ade00000| 22%| E|  |TAMS 0x00000000add00000, 0x00000000add00000| Complete 
| 222|0x00000000ade00000, 0x00000000adf00000, 0x00000000adf00000|100%| E|CS|TAMS 0x00000000ade00000, 0x00000000ade00000| Complete 
| 223|0x00000000adf00000, 0x00000000ae000000, 0x00000000ae000000|100%| E|CS|TAMS 0x00000000adf00000, 0x00000000adf00000| Complete 
| 224|0x00000000ae000000, 0x00000000ae100000, 0x00000000ae100000|100%| E|CS|TAMS 0x00000000ae000000, 0x00000000ae000000| Complete 
| 225|0x00000000ae100000, 0x00000000ae200000, 0x00000000ae200000|100%| E|CS|TAMS 0x00000000ae100000, 0x00000000ae100000| Complete 
| 226|0x00000000ae200000, 0x00000000ae300000, 0x00000000ae300000|100%| E|CS|TAMS 0x00000000ae200000, 0x00000000ae200000| Complete 
| 227|0x00000000ae300000, 0x00000000ae400000, 0x00000000ae400000|100%| E|CS|TAMS 0x00000000ae300000, 0x00000000ae300000| Complete 
| 228|0x00000000ae400000, 0x00000000ae500000, 0x00000000ae500000|100%| E|CS|TAMS 0x00000000ae400000, 0x00000000ae400000| Complete 
| 229|0x00000000ae500000, 0x00000000ae600000, 0x00000000ae600000|100%| E|CS|TAMS 0x00000000ae500000, 0x00000000ae500000| Complete 
| 230|0x00000000ae600000, 0x00000000ae700000, 0x00000000ae700000|100%| E|CS|TAMS 0x00000000ae600000, 0x00000000ae600000| Complete 
| 231|0x00000000ae700000, 0x00000000ae800000, 0x00000000ae800000|100%| E|CS|TAMS 0x00000000ae700000, 0x00000000ae700000| Complete 
| 232|0x00000000ae800000, 0x00000000ae900000, 0x00000000ae900000|100%| E|CS|TAMS 0x00000000ae800000, 0x00000000ae800000| Complete 
| 233|0x00000000ae900000, 0x00000000aea00000, 0x00000000aea00000|100%| E|CS|TAMS 0x00000000ae900000, 0x00000000ae900000| Complete 
| 234|0x00000000aea00000, 0x00000000aeb00000, 0x00000000aeb00000|100%| E|CS|TAMS 0x00000000aea00000, 0x00000000aea00000| Complete 
| 235|0x00000000aeb00000, 0x00000000aec00000, 0x00000000aec00000|100%| E|CS|TAMS 0x00000000aeb00000, 0x00000000aeb00000| Complete 
| 236|0x00000000aec00000, 0x00000000aed00000, 0x00000000aed00000|100%| E|CS|TAMS 0x00000000aec00000, 0x00000000aec00000| Complete 
| 237|0x00000000aed00000, 0x00000000aee00000, 0x00000000aee00000|100%| E|CS|TAMS 0x00000000aed00000, 0x00000000aed00000| Complete 
| 238|0x00000000aee00000, 0x00000000aef00000, 0x00000000aef00000|100%| E|CS|TAMS 0x00000000aee00000, 0x00000000aee00000| Complete 

Card table byte_map: [0x000001ecf1990000,0x000001ecf1c90000] _byte_map_base: 0x000001ecf1490000

Marking Bits (Prev, Next): (CMBitMap*) 0x000001ece767b4b0, (CMBitMap*) 0x000001ece767b4f0
 Prev Bits: [0x000001ecf1f90000, 0x000001ecf3790000)
 Next Bits: [0x000001ecf3790000, 0x000001ecf4f90000)

Polling page: 0x000001ece74c0000

Metaspace:

Usage:
  Non-class:     91.51 MB capacity,    90.48 MB ( 99%) used,   892.57 KB ( <1%) free+waste,   168.81 KB ( <1%) overhead. 
      Class:     14.38 MB capacity,    13.95 MB ( 97%) used,   363.16 KB (  2%) free+waste,    68.06 KB ( <1%) overhead. 
       Both:    105.89 MB capacity,   104.43 MB ( 99%) used,     1.23 MB (  1%) free+waste,   236.88 KB ( <1%) overhead. 

Virtual space:
  Non-class space:       92.00 MB reserved,      91.65 MB (>99%) committed 
      Class space:        1.00 GB reserved,      14.38 MB (  1%) committed 
             Both:        1.09 GB reserved,     106.03 MB ( 10%) committed 

Chunk freelists:
   Non-Class:  15.00 KB
       Class:  0 bytes
        Both:  15.00 KB

MaxMetaspaceSize: 17179869184.00 GB
CompressedClassSpaceSize: 1.00 GB

CodeHeap 'non-profiled nmethods': size=120000Kb used=7495Kb max_used=7694Kb free=112504Kb
 bounds [0x000001ec87ad0000, 0x000001ec88260000, 0x000001ec8f000000]
CodeHeap 'profiled nmethods': size=120000Kb used=24664Kb max_used=25348Kb free=95336Kb
 bounds [0x000001ec805a0000, 0x000001ec81e70000, 0x000001ec87ad0000]
CodeHeap 'non-nmethods': size=5760Kb used=2480Kb max_used=2547Kb free=3280Kb
 bounds [0x000001ec80000000, 0x000001ec80280000, 0x000001ec805a0000]
 total_blobs=14017 nmethods=13030 adapters=899
 compilation: enabled
              stopped_count=0, restarted_count=0
 full_count=0

Compilation events (20 events):
Event: 3164.137 Thread 0x000001ecf75b0410 nmethod 15554 0x000001ec80733610 code [0x000001ec807337c0, 0x000001ec807339f8]
Event: 3164.138 Thread 0x000001ecf75b0410 15555       1       org.gradle.internal.logging.events.ProgressStartEvent::getDescription (5 bytes)
Event: 3164.138 Thread 0x000001ecf75b0410 nmethod 15555 0x000001ec87ff2510 code [0x000001ec87ff26a0, 0x000001ec87ff2758]
Event: 3164.138 Thread 0x000001ecf75b0410 15556       1       org.gradle.internal.logging.events.ProgressStartEvent::getTotalProgress (5 bytes)
Event: 3164.138 Thread 0x000001ecf75b0410 nmethod 15556 0x000001ec87df7d10 code [0x000001ec87df7ea0, 0x000001ec87df7f58]
Event: 3164.226 Thread 0x000001ecf75b0410 15557       3       jdk.internal.reflect.AccessorGenerator::typeSizeInStackSlots (27 bytes)
Event: 3164.226 Thread 0x000001ecf75b0410 nmethod 15557 0x000001ec80d46690 code [0x000001ec80d46840, 0x000001ec80d46a38]
Event: 3164.414 Thread 0x000001ecf75a1d80 nmethod 15520 0x000001ec87ff5f90 code [0x000001ec87ff6600, 0x000001ec87ffe640]
Event: 3164.416 Thread 0x000001ecf75b0410 15559       3       groovy.lang.MetaClassImpl::chooseMethodInternal (269 bytes)
Event: 3164.418 Thread 0x000001ecf75b0410 nmethod 15559 0x000001ec80e15c10 code [0x000001ec80e15fa0, 0x000001ec80e181d8]
Event: 3164.418 Thread 0x000001ecf75b0410 15560       3       org.gradle.cache.internal.DefaultCrossBuildInMemoryCacheFactory$AbstractCrossBuildInMemoryCache::getIfPresentWithoutLock (43 bytes)
Event: 3164.418 Thread 0x000001ecf75b0410 nmethod 15560 0x000001ec8067d390 code [0x000001ec8067d560, 0x000001ec8067d988]
Event: 3164.418 Thread 0x000001ecf75b0410 15558       3       groovy.lang.MetaClassImpl::chooseMethod (29 bytes)
Event: 3164.418 Thread 0x000001ecf75b0410 nmethod 15558 0x000001ec80d1dd90 code [0x000001ec80d1df60, 0x000001ec80d1e318]
Event: 3164.418 Thread 0x000001ecf75b0410 15561       3       org.gradle.internal.instantiation.generator.DefaultInstantiatorFactory::decorateLenient (14 bytes)
Event: 3164.419 Thread 0x000001ecf75b0410 nmethod 15561 0x000001ec8132b790 code [0x000001ec8132b940, 0x000001ec8132bb08]
Event: 3164.419 Thread 0x000001ecf75a1d80 15562       4       org.gradle.internal.logging.slf4j.BuildOperationAwareLogger::isInfoEnabled (8 bytes)
Event: 3164.419 Thread 0x000001ecf75b0410 15563   !   3       org.apache.tools.ant.DirectoryScanner::getDefaultExcludes (36 bytes)
Event: 3164.420 Thread 0x000001ecf75b0410 nmethod 15563 0x000001ec80d32890 code [0x000001ec80d32a60, 0x000001ec80d33158]
Event: 3164.421 Thread 0x000001ecf75a1d80 nmethod 15562 0x000001ec87c20e10 code [0x000001ec87c20fa0, 0x000001ec87c21078]

GC Heap History (20 events):
Event: 19.968 GC heap before
{Heap before GC invocations=28 (full 0):
 garbage-first heap   total 183296K, used 144984K [0x00000000a0000000, 0x0000000100000000)
  region size 1024K, 71 young (72704K), 7 survivors (7168K)
 Metaspace       used 78348K, capacity 79567K, committed 79900K, reserved 1118208K
  class space    used 10466K, capacity 10800K, committed 10880K, reserved 1048576K
}
Event: 19.992 GC heap after
{Heap after GC invocations=29 (full 0):
 garbage-first heap   total 183296K, used 89022K [0x00000000a0000000, 0x0000000100000000)
  region size 1024K, 9 young (9216K), 9 survivors (9216K)
 Metaspace       used 78348K, capacity 79567K, committed 79900K, reserved 1118208K
  class space    used 10466K, capacity 10800K, committed 10880K, reserved 1048576K
}
Event: 20.921 GC heap before
{Heap before GC invocations=29 (full 0):
 garbage-first heap   total 183296K, used 145342K [0x00000000a0000000, 0x0000000100000000)
  region size 1024K, 65 young (66560K), 9 survivors (9216K)
 Metaspace       used 78687K, capacity 79890K, committed 80156K, reserved 1118208K
  class space    used 10467K, capacity 10801K, committed 10880K, reserved 1048576K
}
Event: 20.940 GC heap after
{Heap after GC invocations=30 (full 0):
 garbage-first heap   total 183296K, used 92633K [0x00000000a0000000, 0x0000000100000000)
  region size 1024K, 4 young (4096K), 4 survivors (4096K)
 Metaspace       used 78687K, capacity 79890K, committed 80156K, reserved 1118208K
  class space    used 10467K, capacity 10801K, committed 10880K, reserved 1048576K
}
Event: 22.336 GC heap before
{Heap before GC invocations=30 (full 0):
 garbage-first heap   total 183296K, used 147929K [0x00000000a0000000, 0x0000000100000000)
  region size 1024K, 59 young (60416K), 4 survivors (4096K)
 Metaspace       used 79724K, capacity 80919K, committed 81052K, reserved 1120256K
  class space    used 10599K, capacity 10968K, committed 11008K, reserved 1048576K
}
Event: 22.351 GC heap after
{Heap after GC invocations=31 (full 0):
 garbage-first heap   total 183296K, used 95839K [0x00000000a0000000, 0x0000000100000000)
  region size 1024K, 7 young (7168K), 7 survivors (7168K)
 Metaspace       used 79724K, capacity 80919K, committed 81052K, reserved 1120256K
  class space    used 10599K, capacity 10968K, committed 11008K, reserved 1048576K
}
Event: 23.718 GC heap before
{Heap before GC invocations=32 (full 0):
 garbage-first heap   total 183296K, used 149087K [0x00000000a0000000, 0x0000000100000000)
  region size 1024K, 60 young (61440K), 7 survivors (7168K)
 Metaspace       used 79900K, capacity 81107K, committed 81308K, reserved 1120256K
  class space    used 10614K, capacity 10978K, committed 11008K, reserved 1048576K
}
Event: 23.740 GC heap after
{Heap after GC invocations=33 (full 0):
 garbage-first heap   total 183296K, used 99655K [0x00000000a0000000, 0x0000000100000000)
  region size 1024K, 8 young (8192K), 8 survivors (8192K)
 Metaspace       used 79900K, capacity 81107K, committed 81308K, reserved 1120256K
  class space    used 10614K, capacity 10978K, committed 11008K, reserved 1048576K
}
Event: 24.452 GC heap before
{Heap before GC invocations=33 (full 0):
 garbage-first heap   total 183296K, used 150855K [0x00000000a0000000, 0x0000000100000000)
  region size 1024K, 59 young (60416K), 8 survivors (8192K)
 Metaspace       used 80824K, capacity 82088K, committed 82204K, reserved 1120256K
  class space    used 10748K, capacity 11110K, committed 11136K, reserved 1048576K
}
Event: 24.468 GC heap after
{Heap after GC invocations=34 (full 0):
 garbage-first heap   total 220160K, used 102889K [0x00000000a0000000, 0x0000000100000000)
  region size 1024K, 7 young (7168K), 7 survivors (7168K)
 Metaspace       used 80824K, capacity 82088K, committed 82204K, reserved 1120256K
  class space    used 10748K, capacity 11110K, committed 11136K, reserved 1048576K
}
Event: 26.508 GC heap before
{Heap before GC invocations=35 (full 0):
 garbage-first heap   total 220160K, used 179689K [0x00000000a0000000, 0x0000000100000000)
  region size 1024K, 83 young (84992K), 7 survivors (7168K)
 Metaspace       used 87508K, capacity 88764K, committed 88988K, reserved 1126400K
  class space    used 11568K, capacity 11943K, committed 12032K, reserved 1048576K
}
Event: 26.530 GC heap after
{Heap after GC invocations=36 (full 0):
 garbage-first heap   total 220160K, used 108566K [0x00000000a0000000, 0x0000000100000000)
  region size 1024K, 9 young (9216K), 9 survivors (9216K)
 Metaspace       used 87508K, capacity 88764K, committed 88988K, reserved 1126400K
  class space    used 11568K, capacity 11943K, committed 12032K, reserved 1048576K
}
Event: 27.300 GC heap before
{Heap before GC invocations=36 (full 0):
 garbage-first heap   total 220160K, used 180246K [0x00000000a0000000, 0x0000000100000000)
  region size 1024K, 80 young (81920K), 9 survivors (9216K)
 Metaspace       used 87590K, capacity 88898K, committed 88988K, reserved 1126400K
  class space    used 11571K, capacity 11944K, committed 12032K, reserved 1048576K
}
Event: 27.320 GC heap after
{Heap after GC invocations=37 (full 0):
 garbage-first heap   total 220160K, used 112429K [0x00000000a0000000, 0x0000000100000000)
  region size 1024K, 5 young (5120K), 5 survivors (5120K)
 Metaspace       used 87590K, capacity 88898K, committed 88988K, reserved 1126400K
  class space    used 11571K, capacity 11944K, committed 12032K, reserved 1048576K
}
Event: 42.630 GC heap before
{Heap before GC invocations=38 (full 0):
 garbage-first heap   total 220160K, used 182061K [0x00000000a0000000, 0x0000000100000000)
  region size 1024K, 74 young (75776K), 5 survivors (5120K)
 Metaspace       used 94933K, capacity 96341K, committed 96668K, reserved 1132544K
  class space    used 12501K, capacity 12929K, committed 13056K, reserved 1048576K
}
Event: 42.647 GC heap after
{Heap after GC invocations=39 (full 0):
 garbage-first heap   total 220160K, used 115344K [0x00000000a0000000, 0x0000000100000000)
  region size 1024K, 8 young (8192K), 8 survivors (8192K)
 Metaspace       used 94933K, capacity 96341K, committed 96668K, reserved 1132544K
  class space    used 12501K, capacity 12929K, committed 13056K, reserved 1048576K
}
Event: 44.333 GC heap before
{Heap before GC invocations=39 (full 0):
 garbage-first heap   total 220160K, used 174736K [0x00000000a0000000, 0x0000000100000000)
  region size 1024K, 68 young (69632K), 8 survivors (8192K)
 Metaspace       used 105566K, capacity 107070K, committed 107292K, reserved 1142784K
  class space    used 14148K, capacity 14601K, committed 14720K, reserved 1048576K
}
Event: 44.351 GC heap after
{Heap after GC invocations=40 (full 0):
 garbage-first heap   total 220160K, used 119988K [0x00000000a0000000, 0x0000000100000000)
  region size 1024K, 9 young (9216K), 9 survivors (9216K)
 Metaspace       used 105566K, capacity 107070K, committed 107292K, reserved 1142784K
  class space    used 14148K, capacity 14601K, committed 14720K, reserved 1048576K
}
Event: 2473.230 GC heap before
{Heap before GC invocations=41 (full 0):
 garbage-first heap   total 244736K, used 201908K [0x00000000a0000000, 0x0000000100000000)
  region size 1024K, 70 young (71680K), 9 survivors (9216K)
 Metaspace       used 106841K, capacity 108313K, committed 108572K, reserved 1142784K
  class space    used 14279K, capacity 14710K, committed 14720K, reserved 1048576K
}
Event: 2473.254 GC heap after
{Heap after GC invocations=42 (full 0):
 garbage-first heap   total 244736K, used 119444K [0x00000000a0000000, 0x0000000100000000)
  region size 1024K, 5 young (5120K), 5 survivors (5120K)
 Metaspace       used 106841K, capacity 108313K, committed 108572K, reserved 1142784K
  class space    used 14279K, capacity 14710K, committed 14720K, reserved 1048576K
}

Deoptimization events (20 events):
Event: 3164.420 Thread 0x000001ecf7fdf460 Uncommon trap: trap_request=0xffffff45 fr.pc=0x000001ec87fc3f04 relative=0x0000000000000084
Event: 3164.420 Thread 0x000001ecf7fdf460 Uncommon trap: reason=unstable_if action=reinterpret pc=0x000001ec87fc3f04 method=jdk.internal.misc.Unsafe.convEndian(ZJ)J @ 4 c2
Event: 3164.420 Thread 0x000001ecf7fdf460 DEOPT PACKING pc=0x000001ec87fc3f04 sp=0x00000098579f9b10
Event: 3164.420 Thread 0x000001ecf7fdf460 DEOPT UNPACKING pc=0x000001ec8004e42f sp=0x00000098579f9a28 mode 2
Event: 3164.425 Thread 0x000001ecf7fdf460 Uncommon trap: trap_request=0xffffff45 fr.pc=0x000001ec87fddb38 relative=0x00000000000003b8
Event: 3164.425 Thread 0x000001ecf7fdf460 Uncommon trap: reason=unstable_if action=reinterpret pc=0x000001ec87fddb38 method=com.google.common.cache.LocalCache$Segment.drainReferenceQueues()V @ 21 c2
Event: 3164.425 Thread 0x000001ecf7fdf460 DEOPT PACKING pc=0x000001ec87fddb38 sp=0x00000098579fae10
Event: 3164.425 Thread 0x000001ecf7fdf460 DEOPT UNPACKING pc=0x000001ec8004e42f sp=0x00000098579fad80 mode 2
Event: 3164.425 Thread 0x000001ecf7fdf460 Uncommon trap: trap_request=0xffffffde fr.pc=0x000001ec880d3dc4 relative=0x00000000000005c4
Event: 3164.425 Thread 0x000001ecf7fdf460 Uncommon trap: reason=class_check action=maybe_recompile pc=0x000001ec880d3dc4 method=com.google.common.cache.LocalCache$Segment.setValue(Lcom/google/common/cache/ReferenceEntry;Ljava/lang/Object;Ljava/lang/Object;J)V @ 51 c2
Event: 3164.425 Thread 0x000001ecf7fdf460 DEOPT PACKING pc=0x000001ec880d3dc4 sp=0x00000098579fab30
Event: 3164.425 Thread 0x000001ecf7fdf460 DEOPT UNPACKING pc=0x000001ec8004e42f sp=0x00000098579faac8 mode 2
Event: 3164.425 Thread 0x000001ecf7fdf460 Uncommon trap: trap_request=0xffffffde fr.pc=0x000001ec880d3dc4 relative=0x00000000000005c4
Event: 3164.425 Thread 0x000001ecf7fdf460 Uncommon trap: reason=class_check action=maybe_recompile pc=0x000001ec880d3dc4 method=com.google.common.cache.LocalCache$Segment.setValue(Lcom/google/common/cache/ReferenceEntry;Ljava/lang/Object;Ljava/lang/Object;J)V @ 51 c2
Event: 3164.425 Thread 0x000001ecf7fdf460 DEOPT PACKING pc=0x000001ec880d3dc4 sp=0x00000098579faa40
Event: 3164.428 Thread 0x000001ecf7fdf460 DEOPT UNPACKING pc=0x000001ec8004e42f sp=0x00000098579fa9d8 mode 2
Event: 3164.428 Thread 0x000001ecf7fdf460 Uncommon trap: trap_request=0xffffffde fr.pc=0x000001ec880d3dc4 relative=0x00000000000005c4
Event: 3164.428 Thread 0x000001ecf7fdf460 Uncommon trap: reason=class_check action=maybe_recompile pc=0x000001ec880d3dc4 method=com.google.common.cache.LocalCache$Segment.setValue(Lcom/google/common/cache/ReferenceEntry;Ljava/lang/Object;Ljava/lang/Object;J)V @ 51 c2
Event: 3164.428 Thread 0x000001ecf7fdf460 DEOPT PACKING pc=0x000001ec880d3dc4 sp=0x00000098579faa40
Event: 3164.428 Thread 0x000001ecf7fdf460 DEOPT UNPACKING pc=0x000001ec8004e42f sp=0x00000098579fa9d8 mode 2

Classes unloaded (0 events):
No events

Classes redefined (0 events):
No events

Internal exceptions (20 events):
Event: 43.407 Thread 0x000001ecfbab0840 Exception <a 'java/lang/NoSuchMethodError'{0x00000000abfb6328}: 'java.lang.Object java.lang.invoke.Invokers$Holder.linkToTargetMethod(java.lang.Object, int, java.lang.Object, java.lang.Object, java.lang.Object, java.lang.Object)'> (0x00000000abfb6328) 
thrown [./open/src/hotspot/share/interpreter/linkResolver.cpp, line 782]
Event: 43.437 Thread 0x000001ecfbab0840 Exception <a 'java/lang/NoSuchMethodError'{0x00000000abebf500}: 'void java.lang.invoke.DirectMethodHandle$Holder.invokeStatic(java.lang.Object, java.lang.Object, java.lang.Object, java.lang.Object, java.lang.Object, java.lang.Object, java.lang.Object, java.lang.Object)'> (0x00000000abebf500) 
thrown [./open/src/hotspot/share/interpreter/linkResolver.cpp, line 782]
Event: 43.545 Thread 0x000001ecfbab0840 Exception <a 'java/lang/NoSuchMethodError'{0x00000000ab924f28}: 'void java.lang.invoke.DirectMethodHandle$Holder.invokeSpecial(java.lang.Object, java.lang.Object, int)'> (0x00000000ab924f28) 
thrown [./open/src/hotspot/share/interpreter/linkResolver.cpp, line 782]
Event: 43.567 Thread 0x000001ecfbab0840 Exception <a 'sun/nio/fs/WindowsException'{0x00000000ab9ba878}> (0x00000000ab9ba878) 
thrown [./open/src/hotspot/share/prims/jni.cpp, line 578]
Event: 43.622 Thread 0x000001ecfe580500 Exception <a 'java/lang/NoSuchMethodError'{0x00000000ab7a27d0}: static Lkotlin/InitializedLazyImpl;.<clinit>()V> (0x00000000ab7a27d0) 
thrown [./open/src/hotspot/share/prims/jni.cpp, line 1204]
Event: 43.683 Thread 0x000001ecfe534ed0 Exception <a 'sun/nio/fs/WindowsException'{0x00000000ab441418}> (0x00000000ab441418) 
thrown [./open/src/hotspot/share/prims/jni.cpp, line 578]
Event: 43.784 Thread 0x000001ecfe534ed0 Exception <a 'java/lang/NoSuchMethodError'{0x00000000aaf33b68}: 'long java.lang.invoke.DirectMethodHandle$Holder.invokeStatic(java.lang.Object, java.lang.Object, java.lang.Object)'> (0x00000000aaf33b68) 
thrown [./open/src/hotspot/share/interpreter/linkResolver.cpp, line 782]
Event: 43.865 Thread 0x000001ecfe534ed0 Exception <a 'java/lang/IncompatibleClassChangeError'{0x00000000aaebb9c8}: Found class java.lang.Object, but interface was expected> (0x00000000aaebb9c8) 
thrown [./open/src/hotspot/share/interpreter/linkResolver.cpp, line 848]
Event: 43.911 Thread 0x000001ecfe534ed0 Exception <a 'sun/nio/fs/WindowsException'{0x00000000aaddd0c8}> (0x00000000aaddd0c8) 
thrown [./open/src/hotspot/share/prims/jni.cpp, line 578]
Event: 44.173 Thread 0x000001ecfe580500 Exception <a 'java/lang/NoSuchMethodError'{0x00000000aa10fad8}: static Lcom/android/build/api/variant/impl/VariantOutputImpl$SerializedForm;.<clinit>()V> (0x00000000aa10fad8) 
thrown [./open/src/hotspot/share/prims/jni.cpp, line 1204]
Event: 44.174 Thread 0x000001ecfe580500 Exception <a 'java/lang/NoSuchMethodError'{0x00000000aa1238d8}: static Lcom/android/build/api/variant/impl/VariantOutputConfigurationImpl;.<clinit>()V> (0x00000000aa1238d8) 
thrown [./open/src/hotspot/share/prims/jni.cpp, line 1204]
Event: 44.432 Thread 0x000001ecfe52fd00 Exception <a 'java/lang/NoSuchMethodError'{0x00000000ad525d20}: 'java.lang.Object java.lang.invoke.DirectMethodHandle$Holder.invokeVirtual(java.lang.Object, java.lang.Object, int)'> (0x00000000ad525d20) 
thrown [./open/src/hotspot/share/interpreter/linkResolver.cpp, line 782]
Event: 44.610 Thread 0x000001ecf96d0030 Exception <a 'sun/nio/fs/WindowsException'{0x00000000ad4eece8}> (0x00000000ad4eece8) 
thrown [./open/src/hotspot/share/prims/jni.cpp, line 578]
Event: 44.611 Thread 0x000001ecf96d0030 Exception <a 'sun/nio/fs/WindowsException'{0x00000000ad4ef118}> (0x00000000ad4ef118) 
thrown [./open/src/hotspot/share/prims/jni.cpp, line 578]
Event: 44.611 Thread 0x000001ecf96d0030 Exception <a 'sun/nio/fs/WindowsException'{0x00000000ad303a00}> (0x00000000ad303a00) 
thrown [./open/src/hotspot/share/prims/jni.cpp, line 578]
Event: 45.019 Thread 0x000001ecf96d0030 Implicit null exception at 0x000001ec87ff268f to 0x000001ec87ff26dc
Event: 45.062 Thread 0x000001ecf96d0030 Implicit null exception at 0x000001ec880decfb to 0x000001ec880def84
Event: 1973.222 Thread 0x000001ecf99a3cc0 Implicit null exception at 0x000001ec87b036f4 to 0x000001ec87b03d1c
Event: 3163.517 Thread 0x000001ecf7fdf460 Implicit null exception at 0x000001ec87d835e2 to 0x000001ec87d83b78
Event: 3163.517 Thread 0x000001ecf7fdf460 Implicit null exception at 0x000001ec87f60d75 to 0x000001ec87f64fa0

Events (20 events):
Event: 3163.580 Thread 0x000001ecf75cb110 flushing nmethod 0x000001ec81c42f10
Event: 3163.581 Thread 0x000001ecf75cb110 flushing nmethod 0x000001ec81c5ae90
Event: 3163.581 Thread 0x000001ecf75cb110 flushing nmethod 0x000001ec81c6d490
Event: 3163.581 Thread 0x000001ecf75cb110 flushing nmethod 0x000001ec81c6dd90
Event: 3163.581 Thread 0x000001ecf75cb110 flushing nmethod 0x000001ec81c6e690
Event: 3163.581 Thread 0x000001ecf75cb110 flushing nmethod 0x000001ec81c6fa10
Event: 3163.581 Thread 0x000001ecf75cb110 flushing nmethod 0x000001ec81c70b90
Event: 3163.581 Thread 0x000001ecf75cb110 flushing nmethod 0x000001ec81cbdd10
Event: 3163.581 Thread 0x000001ecf75cb110 flushing nmethod 0x000001ec81cc5f90
Event: 3163.582 Thread 0x000001ecf75cb110 flushing nmethod 0x000001ec81dce290
Event: 3163.582 Thread 0x000001ecf75cb110 flushing nmethod 0x000001ec81dce990
Event: 3163.582 Thread 0x000001ecf75cb110 flushing nmethod 0x000001ec81e13910
Event: 3163.582 Thread 0x000001ecf75cb110 flushing nmethod 0x000001ec81e14710
Event: 3163.582 Thread 0x000001ecf75cb110 flushing nmethod 0x000001ec81e14a10
Event: 3163.582 Thread 0x000001ecf75cb110 flushing nmethod 0x000001ec81e15190
Event: 3163.674 Thread 0x000001ecfbae0230 Thread added: 0x000001ecfbae0230
Event: 3163.745 Thread 0x000001ecf7fdb100 Thread added: 0x000001ecf7fdb100
Event: 3163.751 Thread 0x000001ecf7fdac30 Thread added: 0x000001ecf7fdac30
Event: 3163.765 Thread 0x000001ecf7fda760 Thread added: 0x000001ecf7fda760
Event: 3163.771 Thread 0x000001ecf7fdbf70 Thread added: 0x000001ecf7fdbf70


Dynamic libraries:
0x00007ff711fa0000 - 0x00007ff711faf000 	C:\Program Files\Java\jdk-15.0.1\bin\java.exe
0x00007ff9f5950000 - 0x00007ff9f5b48000 	C:\WINDOWS\SYSTEM32\ntdll.dll
0x00007ff9f4520000 - 0x00007ff9f45dd000 	C:\WINDOWS\System32\KERNEL32.DLL
0x00007ff9f3230000 - 0x00007ff9f34fe000 	C:\WINDOWS\System32\KERNELBASE.dll
0x00007ff9f30a0000 - 0x00007ff9f31a0000 	C:\WINDOWS\System32\ucrtbase.dll
0x00007ff9d8530000 - 0x00007ff9d8548000 	C:\Program Files\Java\jdk-15.0.1\bin\jli.dll
0x00007ff9d8510000 - 0x00007ff9d8529000 	C:\Program Files\Java\jdk-15.0.1\bin\VCRUNTIME140.dll
0x00007ff9f40d0000 - 0x00007ff9f417e000 	C:\WINDOWS\System32\ADVAPI32.dll
0x00007ff9f3a10000 - 0x00007ff9f3aae000 	C:\WINDOWS\System32\msvcrt.dll
0x00007ff9f4390000 - 0x00007ff9f442c000 	C:\WINDOWS\System32\sechost.dll
0x00007ff9f4230000 - 0x00007ff9f4355000 	C:\WINDOWS\System32\RPCRT4.dll
0x00007ff9f3ab0000 - 0x00007ff9f3c50000 	C:\WINDOWS\System32\USER32.dll
0x00007ff9f3070000 - 0x00007ff9f3092000 	C:\WINDOWS\System32\win32u.dll
0x00007ff9f4f60000 - 0x00007ff9f4f8a000 	C:\WINDOWS\System32\GDI32.dll
0x00007ff9f37a0000 - 0x00007ff9f38ab000 	C:\WINDOWS\System32\gdi32full.dll
0x00007ff9f3700000 - 0x00007ff9f379d000 	C:\WINDOWS\System32\msvcp_win.dll
0x00007ff9dd230000 - 0x00007ff9dd4ca000 	C:\WINDOWS\WinSxS\amd64_microsoft.windows.common-controls_6595b64144ccf1df_6.0.19041.1110_none_60b5254171f9507e\COMCTL32.dll
0x00007ff9e15a0000 - 0x00007ff9e15aa000 	C:\WINDOWS\SYSTEM32\VERSION.dll
0x00007ff9f4360000 - 0x00007ff9f4390000 	C:\WINDOWS\System32\IMM32.DLL
0x00007ff9ee8e0000 - 0x00007ff9ee8ec000 	C:\Program Files\Java\jdk-15.0.1\bin\vcruntime140_1.dll
0x00007ff9d6c10000 - 0x00007ff9d6ca1000 	C:\Program Files\Java\jdk-15.0.1\bin\msvcp140.dll
0x00007ff9ac1e0000 - 0x00007ff9acd3e000 	C:\Program Files\Java\jdk-15.0.1\bin\server\jvm.dll
0x00007ff9f48c0000 - 0x00007ff9f48c8000 	C:\WINDOWS\System32\PSAPI.DLL
0x00007ff9e14e0000 - 0x00007ff9e1507000 	C:\WINDOWS\SYSTEM32\WINMM.dll
0x00007ff9ee970000 - 0x00007ff9ee979000 	C:\WINDOWS\SYSTEM32\WSOCK32.dll
0x00007ff9f4ef0000 - 0x00007ff9f4f5b000 	C:\WINDOWS\System32\WS2_32.dll
0x00007ff9f0ff0000 - 0x00007ff9f1002000 	C:\WINDOWS\SYSTEM32\kernel.appcore.dll
0x00007ff9ee1a0000 - 0x00007ff9ee1aa000 	C:\Program Files\Java\jdk-15.0.1\bin\jimage.dll
0x00007ff9dfbe0000 - 0x00007ff9dfdc4000 	C:\WINDOWS\SYSTEM32\DBGHELP.DLL
0x00007ff9dfbb0000 - 0x00007ff9dfbdc000 	C:\WINDOWS\SYSTEM32\dbgcore.DLL
0x00007ff9f31a0000 - 0x00007ff9f3222000 	C:\WINDOWS\System32\bcryptPrimitives.dll
0x00007ff9d77e0000 - 0x00007ff9d7805000 	C:\Program Files\Java\jdk-15.0.1\bin\java.dll
0x00007ff9f5160000 - 0x00007ff9f58a3000 	C:\WINDOWS\System32\SHELL32.dll
0x00007ff9f1160000 - 0x00007ff9f18f5000 	C:\WINDOWS\SYSTEM32\windows.storage.dll
0x00007ff9f3c60000 - 0x00007ff9f3fb4000 	C:\WINDOWS\System32\combase.dll
0x00007ff9f2ad0000 - 0x00007ff9f2b00000 	C:\WINDOWS\SYSTEM32\Wldp.dll
0x00007ff9f50b0000 - 0x00007ff9f515d000 	C:\WINDOWS\System32\SHCORE.dll
0x00007ff9f58b0000 - 0x00007ff9f5905000 	C:\WINDOWS\System32\shlwapi.dll
0x00007ff9f2fb0000 - 0x00007ff9f2fcf000 	C:\WINDOWS\SYSTEM32\profapi.dll
0x00007ff9d84f0000 - 0x00007ff9d8509000 	C:\Program Files\Java\jdk-15.0.1\bin\net.dll
0x00007ff9e5e80000 - 0x00007ff9e5f8a000 	C:\WINDOWS\SYSTEM32\WINHTTP.dll
0x00007ff9f2830000 - 0x00007ff9f289a000 	C:\WINDOWS\system32\mswsock.dll
0x00007ff9d75e0000 - 0x00007ff9d75f2000 	C:\Program Files\Java\jdk-15.0.1\bin\nio.dll
0x00007ff9d6bd0000 - 0x00007ff9d6be8000 	C:\Program Files\Java\jdk-15.0.1\bin\zip.dll
0x00007ff9ee140000 - 0x00007ff9ee150000 	C:\Program Files\Java\jdk-15.0.1\bin\verify.dll
0x00007ff9db240000 - 0x00007ff9db267000 	C:\Users\Oriohac\AndroidStudioProjects\DogApp\native\e1d6ef7f7dcc3fd88c89a11ec53ec762bb8ba0a96d01ffa2cd45eb1d1d8dd5c5\windows-amd64\native-platform.dll
0x00007ff9c0380000 - 0x00007ff9c04c4000 	C:\Users\Oriohac\AndroidStudioProjects\DogApp\native\0d407fdbe67a94daf76414ababcb853783967236a71b16ec16e742cd7a986fd3\windows-amd64\native-platform-file-events.dll
0x00007ff9ebc50000 - 0x00007ff9ebc59000 	C:\Program Files\Java\jdk-15.0.1\bin\management.dll
0x00007ff9ea290000 - 0x00007ff9ea29b000 	C:\Program Files\Java\jdk-15.0.1\bin\management_ext.dll
0x00007ff9f2a20000 - 0x00007ff9f2a38000 	C:\WINDOWS\SYSTEM32\CRYPTSP.dll
0x00007ff9f2140000 - 0x00007ff9f2174000 	C:\WINDOWS\system32\rsaenh.dll
0x00007ff9f3570000 - 0x00007ff9f3597000 	C:\WINDOWS\System32\bcrypt.dll
0x00007ff9f2f70000 - 0x00007ff9f2f9e000 	C:\WINDOWS\SYSTEM32\USERENV.dll
0x00007ff9f2a40000 - 0x00007ff9f2a4c000 	C:\WINDOWS\SYSTEM32\CRYPTBASE.dll
0x00007ff9f24d0000 - 0x00007ff9f250b000 	C:\WINDOWS\SYSTEM32\IPHLPAPI.DLL
0x00007ff9f3c50000 - 0x00007ff9f3c58000 	C:\WINDOWS\System32\NSI.dll
0x00007ff9e6ed0000 - 0x00007ff9e6ee7000 	C:\WINDOWS\SYSTEM32\dhcpcsvc6.DLL
0x00007ff9e9760000 - 0x00007ff9e977d000 	C:\WINDOWS\SYSTEM32\dhcpcsvc.DLL
0x00007ff9f2520000 - 0x00007ff9f25ea000 	C:\WINDOWS\SYSTEM32\DNSAPI.dll
0x00007ff9d3fd0000 - 0x00007ff9d3fee000 	C:\Users\Oriohac\AppData\Local\Temp\native-platform8313638326827687236dir\native-platform.dll
0x00007ff9e3560000 - 0x00007ff9e3567000 	C:\Program Files\Java\jdk-15.0.1\bin\rmi.dll

dbghelp: loaded successfully - version: 4.0.5 - missing functions: none
symbol engine: initialized successfully - sym options: 0x614 - pdb path: .;C:\Program Files\Java\jdk-15.0.1\bin;C:\WINDOWS\SYSTEM32;C:\WINDOWS\WinSxS\amd64_microsoft.windows.common-controls_6595b64144ccf1df_6.0.19041.1110_none_60b5254171f9507e;C:\Program Files\Java\jdk-15.0.1\bin\server;C:\Users\Oriohac\AndroidStudioProjects\DogApp\native\e1d6ef7f7dcc3fd88c89a11ec53ec762bb8ba0a96d01ffa2cd45eb1d1d8dd5c5\windows-amd64;C:\Users\Oriohac\AndroidStudioProjects\DogApp\native\0d407fdbe67a94daf76414ababcb853783967236a71b16ec16e742cd7a986fd3\windows-amd64;C:\Users\Oriohac\AppData\Local\Temp\native-platform8313638326827687236dir

VM Arguments:
jvm_args: --add-opens=java.base/java.util=ALL-UNNAMED --add-opens=java.base/java.lang=ALL-UNNAMED --add-opens=java.base/java.lang.invoke=ALL-UNNAMED --add-opens=java.base/java.util=ALL-UNNAMED --add-opens=java.prefs/java.util.prefs=ALL-UNNAMED --add-opens=java.prefs/java.util.prefs=ALL-UNNAMED --add-opens=java.base/java.nio.charset=ALL-UNNAMED --add-opens=java.base/java.net=ALL-UNNAMED --add-opens=java.base/java.util.concurrent.atomic=ALL-UNNAMED -Xmx1536m -Dfile.encoding=windows-1252 -Duser.country=GB -Duser.language=en -Duser.variant 
java_command: org.gradle.launcher.daemon.bootstrap.GradleDaemon 7.5
java_class_path (initial): C:\Users\Oriohac\AndroidStudioProjects\DogApp\wrapper\dists\gradle-7.5-bin\f1w0cc9nuo0eivz97x2xlu9sv\gradle-7.5\lib\gradle-launcher-7.5.jar
Launcher Type: SUN_STANDARD

[Global flags]
     intx CICompilerCount                          = 3                                         {product} {ergonomic}
     uint ConcGCThreads                            = 1                                         {product} {ergonomic}
     uint G1ConcRefinementThreads                  = 4                                         {product} {ergonomic}
   size_t G1HeapRegionSize                         = 1048576                                   {product} {ergonomic}
    uintx GCDrainStackTargetSize                   = 64                                        {product} {ergonomic}
   size_t InitialHeapSize                          = 134217728                                 {product} {ergonomic}
   size_t MarkStackSize                            = 4194304                                   {product} {ergonomic}
   size_t MaxHeapSize                              = 1610612736                                {product} {command line}
   size_t MaxNewSize                               = 965738496                                 {product} {ergonomic}
   size_t MinHeapDeltaBytes                        = 1048576                                   {product} {ergonomic}
   size_t MinHeapSize                              = 8388608                                   {product} {ergonomic}
    uintx NonNMethodCodeHeapSize                   = 5832780                                {pd product} {ergonomic}
    uintx NonProfiledCodeHeapSize                  = 122912730                              {pd product} {ergonomic}
    uintx ProfiledCodeHeapSize                     = 122912730                              {pd product} {ergonomic}
    uintx ReservedCodeCacheSize                    = 251658240                              {pd product} {ergonomic}
     bool SegmentedCodeCache                       = true                                      {product} {ergonomic}
   size_t SoftMaxHeapSize                          = 1610612736                             {manageable} {ergonomic}
     bool UseCompressedClassPointers               = true                                 {lp64_product} {ergonomic}
     bool UseCompressedOops                        = true                                 {lp64_product} {ergonomic}
     bool UseG1GC                                  = true                                      {product} {ergonomic}
     bool UseLargePagesIndividualAllocation        = false                                  {pd product} {ergonomic}

Logging:
Log output configuration:
 #0: stdout all=warning uptime,level,tags
 #1: stderr all=off uptime,level,tags

Environment Variables:
PATH=C:\Program Files\Common Files\Oracle\Java\javapath;C:\WINDOWS\system32;C:\WINDOWS;C:\WINDOWS\System32\Wbem;C:\WINDOWS\System32\WindowsPowerShell\v1.0\;C:\WINDOWS\System32\OpenSSH\;C:\Program Files\dotnet\;C:\Program Files\Git\cmd;C:\Program Files\Microsoft VS Code\bin;c:\Program Files (x86)\Microsoft SQL Server\100\Tools\Binn\;c:\Program Files\Microsoft SQL Server\100\Tools\Binn\;c:\Program Files\Microsoft SQL Server\100\DTS\Binn\;C:\Users\Oriohac\AppData\Local\Microsoft\WindowsApps;C:\Users\Oriohac\.dotnet\tools;C:\Program Files\Java\jdk-15.0.1\bin;
USERNAME=Oriohac
OS=Windows_NT
PROCESSOR_IDENTIFIER=Intel64 Family 6 Model 69 Stepping 1, GenuineIntel



---------------  S Y S T E M  ---------------

OS:
 Windows 10 , 64 bit Build 19041 (10.0.19041.1889)
OS uptime: 1 days 5:58 hours

CPU: total 4 (initial active 4) (2 cores per cpu, 2 threads per core) family 6 model 69 stepping 1 microcode 0x26, cmov, cx8, fxsr, mmx, sse, sse2, sse3, ssse3, sse4.1, sse4.2, popcnt, vzeroupper, avx, avx2, aes, clmul, erms, lzcnt, ht, tsc, tscinvbit, bmi1, bmi2, fma, clflush

Memory: 4k page, system-wide physical 8089M (1165M free)
TotalPageFile size 11027M (AvailPageFile size 3037M)
current process WorkingSet (physical memory assigned to process): 1034M, peak: 1036M
current process commit charge ("private bytes"): 1081M, peak: 1084M

vm_info: Java HotSpot(TM) 64-Bit Server VM (15.0.1+9-18) for windows-amd64 JRE (15.0.1+9-18), built on Sep 15 2020 14:43:54 by "mach5one" with unknown MS VC++:1925

END.
